/home/bruinml/anaconda3/envs/highway/lib/python3.11/site-packages/glfw/__init__.py:917: GLFWError: (65550) b'X11: The DISPLAY environment variable is missing'
  warnings.warn(message, GLFWError)
/home/bruinml/anaconda3/envs/highway/lib/python3.11/site-packages/pygame/pkgdata.py:25: UserWarning: pkg_resources is deprecated as an API. See https://setuptools.pypa.io/en/latest/pkg_resources.html. The pkg_resources package is slated for removal as early as 2025-11-30. Refrain from using this package or pin to Setuptools<81.
  from pkg_resources import resource_stream, resource_exists
Uniform DQN on dm_control/cheetah-run  da=6  n=64 (per axis -> 384 total cells)  seed=42  steps=1000000
[  10000/1000000]  ep=  10  reward(last50)=   7.87  n_per_axis=[64, 64, 64, 64, 64, 64]  total_splits=0
[  20000/1000000]  ep=  20  reward(last50)=  11.48  n_per_axis=[64, 64, 64, 64, 64, 64]  total_splits=0
[  30000/1000000]  ep=  30  reward(last50)=  25.05  n_per_axis=[64, 64, 64, 64, 64, 64]  total_splits=0
[  40000/1000000]  ep=  40  reward(last50)=  44.23  n_per_axis=[64, 64, 64, 64, 64, 64]  total_splits=0
[  50000/1000000]  ep=  50  reward(last50)=  53.89  n_per_axis=[64, 64, 64, 64, 64, 64]  total_splits=0
[  60000/1000000]  ep=  60  reward(last50)=  70.55  n_per_axis=[64, 64, 64, 64, 64, 64]  total_splits=0
[  70000/1000000]  ep=  70  reward(last50)=  90.94  n_per_axis=[64, 64, 64, 64, 64, 64]  total_splits=0
[  80000/1000000]  ep=  80  reward(last50)= 108.81  n_per_axis=[64, 64, 64, 64, 64, 64]  total_splits=0
[  90000/1000000]  ep=  90  reward(last50)= 108.52  n_per_axis=[64, 64, 64, 64, 64, 64]  total_splits=0
[ 100000/1000000]  ep= 100  reward(last50)= 122.36  n_per_axis=[64, 64, 64, 64, 64, 64]  total_splits=0
[ 110000/1000000]  ep= 110  reward(last50)= 142.21  n_per_axis=[64, 64, 64, 64, 64, 64]  total_splits=0
[ 120000/1000000]  ep= 120  reward(last50)= 154.85  n_per_axis=[64, 64, 64, 64, 64, 64]  total_splits=0
[ 130000/1000000]  ep= 130  reward(last50)= 173.20  n_per_axis=[64, 64, 64, 64, 64, 64]  total_splits=0
[ 140000/1000000]  ep= 140  reward(last50)= 197.66  n_per_axis=[64, 64, 64, 64, 64, 64]  total_splits=0
[ 150000/1000000]  ep= 150  reward(last50)= 203.39  n_per_axis=[64, 64, 64, 64, 64, 64]  total_splits=0
[ 160000/1000000]  ep= 160  reward(last50)= 220.77  n_per_axis=[64, 64, 64, 64, 64, 64]  total_splits=0
[ 170000/1000000]  ep= 170  reward(last50)= 237.45  n_per_axis=[64, 64, 64, 64, 64, 64]  total_splits=0
[ 180000/1000000]  ep= 180  reward(last50)= 242.66  n_per_axis=[64, 64, 64, 64, 64, 64]  total_splits=0
[ 190000/1000000]  ep= 190  reward(last50)= 252.65  n_per_axis=[64, 64, 64, 64, 64, 64]  total_splits=0
[ 200000/1000000]  ep= 200  reward(last50)= 270.89  n_per_axis=[64, 64, 64, 64, 64, 64]  total_splits=0
[ 210000/1000000]  ep= 210  reward(last50)= 275.67  n_per_axis=[64, 64, 64, 64, 64, 64]  total_splits=0
[ 220000/1000000]  ep= 220  reward(last50)= 287.29  n_per_axis=[64, 64, 64, 64, 64, 64]  total_splits=0
[ 230000/1000000]  ep= 230  reward(last50)= 297.67  n_per_axis=[64, 64, 64, 64, 64, 64]  total_splits=0
[ 240000/1000000]  ep= 240  reward(last50)= 306.27  n_per_axis=[64, 64, 64, 64, 64, 64]  total_splits=0
[ 250000/1000000]  ep= 250  reward(last50)= 310.55  n_per_axis=[64, 64, 64, 64, 64, 64]  total_splits=0
[ 260000/1000000]  ep= 260  reward(last50)= 315.98  n_per_axis=[64, 64, 64, 64, 64, 64]  total_splits=0
[ 270000/1000000]  ep= 270  reward(last50)= 325.20  n_per_axis=[64, 64, 64, 64, 64, 64]  total_splits=0
[ 280000/1000000]  ep= 280  reward(last50)= 324.26  n_per_axis=[64, 64, 64, 64, 64, 64]  total_splits=0
[ 290000/1000000]  ep= 290  reward(last50)= 334.49  n_per_axis=[64, 64, 64, 64, 64, 64]  total_splits=0
[ 300000/1000000]  ep= 300  reward(last50)= 343.28  n_per_axis=[64, 64, 64, 64, 64, 64]  total_splits=0
[ 310000/1000000]  ep= 310  reward(last50)= 342.77  n_per_axis=[64, 64, 64, 64, 64, 64]  total_splits=0
[ 320000/1000000]  ep= 320  reward(last50)= 320.35  n_per_axis=[64, 64, 64, 64, 64, 64]  total_splits=0
[ 330000/1000000]  ep= 330  reward(last50)= 333.24  n_per_axis=[64, 64, 64, 64, 64, 64]  total_splits=0
[ 340000/1000000]  ep= 340  reward(last50)= 312.26  n_per_axis=[64, 64, 64, 64, 64, 64]  total_splits=0
[ 350000/1000000]  ep= 350  reward(last50)= 308.90  n_per_axis=[64, 64, 64, 64, 64, 64]  total_splits=0
[ 360000/1000000]  ep= 360  reward(last50)= 291.50  n_per_axis=[64, 64, 64, 64, 64, 64]  total_splits=0
[ 370000/1000000]  ep= 370  reward(last50)= 283.95  n_per_axis=[64, 64, 64, 64, 64, 64]  total_splits=0
[ 380000/1000000]  ep= 380  reward(last50)= 249.71  n_per_axis=[64, 64, 64, 64, 64, 64]  total_splits=0
[ 390000/1000000]  ep= 390  reward(last50)= 227.60  n_per_axis=[64, 64, 64, 64, 64, 64]  total_splits=0
[ 400000/1000000]  ep= 400  reward(last50)= 190.17  n_per_axis=[64, 64, 64, 64, 64, 64]  total_splits=0
[ 410000/1000000]  ep= 410  reward(last50)= 180.03  n_per_axis=[64, 64, 64, 64, 64, 64]  total_splits=0
[ 420000/1000000]  ep= 420  reward(last50)= 186.01  n_per_axis=[64, 64, 64, 64, 64, 64]  total_splits=0
[ 430000/1000000]  ep= 430  reward(last50)= 177.97  n_per_axis=[64, 64, 64, 64, 64, 64]  total_splits=0
[ 440000/1000000]  ep= 440  reward(last50)= 161.93  n_per_axis=[64, 64, 64, 64, 64, 64]  total_splits=0
[ 450000/1000000]  ep= 450  reward(last50)= 157.53  n_per_axis=[64, 64, 64, 64, 64, 64]  total_splits=0
[ 460000/1000000]  ep= 460  reward(last50)= 136.86  n_per_axis=[64, 64, 64, 64, 64, 64]  total_splits=0
[ 470000/1000000]  ep= 470  reward(last50)= 109.50  n_per_axis=[64, 64, 64, 64, 64, 64]  total_splits=0
[ 480000/1000000]  ep= 480  reward(last50)=  87.45  n_per_axis=[64, 64, 64, 64, 64, 64]  total_splits=0
[ 490000/1000000]  ep= 490  reward(last50)=  81.83  n_per_axis=[64, 64, 64, 64, 64, 64]  total_splits=0
[ 500000/1000000]  ep= 500  reward(last50)=  75.97  n_per_axis=[64, 64, 64, 64, 64, 64]  total_splits=0
[ 510000/1000000]  ep= 510  reward(last50)=  80.68  n_per_axis=[64, 64, 64, 64, 64, 64]  total_splits=0
[ 520000/1000000]  ep= 520  reward(last50)=  81.96  n_per_axis=[64, 64, 64, 64, 64, 64]  total_splits=0
[ 530000/1000000]  ep= 530  reward(last50)= 128.45  n_per_axis=[64, 64, 64, 64, 64, 64]  total_splits=0
[ 540000/1000000]  ep= 540  reward(last50)= 179.28  n_per_axis=[64, 64, 64, 64, 64, 64]  total_splits=0
[ 550000/1000000]  ep= 550  reward(last50)= 220.82  n_per_axis=[64, 64, 64, 64, 64, 64]  total_splits=0
[ 560000/1000000]  ep= 560  reward(last50)= 252.07  n_per_axis=[64, 64, 64, 64, 64, 64]  total_splits=0
[ 570000/1000000]  ep= 570  reward(last50)= 295.93  n_per_axis=[64, 64, 64, 64, 64, 64]  total_splits=0
[ 580000/1000000]  ep= 580  reward(last50)= 295.98  n_per_axis=[64, 64, 64, 64, 64, 64]  total_splits=0
[ 590000/1000000]  ep= 590  reward(last50)= 301.23  n_per_axis=[64, 64, 64, 64, 64, 64]  total_splits=0
[ 600000/1000000]  ep= 600  reward(last50)= 305.30  n_per_axis=[64, 64, 64, 64, 64, 64]  total_splits=0
[ 610000/1000000]  ep= 610  reward(last50)= 324.74  n_per_axis=[64, 64, 64, 64, 64, 64]  total_splits=0
[ 620000/1000000]  ep= 620  reward(last50)= 315.63  n_per_axis=[64, 64, 64, 64, 64, 64]  total_splits=0
[ 630000/1000000]  ep= 630  reward(last50)= 316.72  n_per_axis=[64, 64, 64, 64, 64, 64]  total_splits=0
[ 640000/1000000]  ep= 640  reward(last50)= 320.84  n_per_axis=[64, 64, 64, 64, 64, 64]  total_splits=0
[ 650000/1000000]  ep= 650  reward(last50)= 321.45  n_per_axis=[64, 64, 64, 64, 64, 64]  total_splits=0
[ 660000/1000000]  ep= 660  reward(last50)= 322.59  n_per_axis=[64, 64, 64, 64, 64, 64]  total_splits=0
[ 670000/1000000]  ep= 670  reward(last50)= 331.09  n_per_axis=[64, 64, 64, 64, 64, 64]  total_splits=0
[ 680000/1000000]  ep= 680  reward(last50)= 353.69  n_per_axis=[64, 64, 64, 64, 64, 64]  total_splits=0
[ 690000/1000000]  ep= 690  reward(last50)= 355.06  n_per_axis=[64, 64, 64, 64, 64, 64]  total_splits=0
[ 700000/1000000]  ep= 700  reward(last50)= 358.60  n_per_axis=[64, 64, 64, 64, 64, 64]  total_splits=0
[ 710000/1000000]  ep= 710  reward(last50)= 360.27  n_per_axis=[64, 64, 64, 64, 64, 64]  total_splits=0
[ 720000/1000000]  ep= 720  reward(last50)= 359.77  n_per_axis=[64, 64, 64, 64, 64, 64]  total_splits=0
[ 730000/1000000]  ep= 730  reward(last50)= 336.34  n_per_axis=[64, 64, 64, 64, 64, 64]  total_splits=0
[ 740000/1000000]  ep= 740  reward(last50)= 330.62  n_per_axis=[64, 64, 64, 64, 64, 64]  total_splits=0
[ 750000/1000000]  ep= 750  reward(last50)= 311.78  n_per_axis=[64, 64, 64, 64, 64, 64]  total_splits=0
[ 760000/1000000]  ep= 760  reward(last50)= 307.94  n_per_axis=[64, 64, 64, 64, 64, 64]  total_splits=0
[ 770000/1000000]  ep= 770  reward(last50)= 291.89  n_per_axis=[64, 64, 64, 64, 64, 64]  total_splits=0
[ 780000/1000000]  ep= 780  reward(last50)= 290.76  n_per_axis=[64, 64, 64, 64, 64, 64]  total_splits=0
[ 790000/1000000]  ep= 790  reward(last50)= 279.26  n_per_axis=[64, 64, 64, 64, 64, 64]  total_splits=0
[ 800000/1000000]  ep= 800  reward(last50)= 289.09  n_per_axis=[64, 64, 64, 64, 64, 64]  total_splits=0
[ 810000/1000000]  ep= 810  reward(last50)= 287.42  n_per_axis=[64, 64, 64, 64, 64, 64]  total_splits=0
[ 820000/1000000]  ep= 820  reward(last50)= 293.11  n_per_axis=[64, 64, 64, 64, 64, 64]  total_splits=0
[ 830000/1000000]  ep= 830  reward(last50)= 308.73  n_per_axis=[64, 64, 64, 64, 64, 64]  total_splits=0
[ 840000/1000000]  ep= 840  reward(last50)= 328.18  n_per_axis=[64, 64, 64, 64, 64, 64]  total_splits=0
[ 850000/1000000]  ep= 850  reward(last50)= 334.12  n_per_axis=[64, 64, 64, 64, 64, 64]  total_splits=0
[ 860000/1000000]  ep= 860  reward(last50)= 324.95  n_per_axis=[64, 64, 64, 64, 64, 64]  total_splits=0
[ 870000/1000000]  ep= 870  reward(last50)= 324.56  n_per_axis=[64, 64, 64, 64, 64, 64]  total_splits=0
[ 880000/1000000]  ep= 880  reward(last50)= 303.92  n_per_axis=[64, 64, 64, 64, 64, 64]  total_splits=0
[ 890000/1000000]  ep= 890  reward(last50)= 266.85  n_per_axis=[64, 64, 64, 64, 64, 64]  total_splits=0
[ 900000/1000000]  ep= 900  reward(last50)= 226.85  n_per_axis=[64, 64, 64, 64, 64, 64]  total_splits=0
[ 910000/1000000]  ep= 910  reward(last50)= 200.17  n_per_axis=[64, 64, 64, 64, 64, 64]  total_splits=0
[ 920000/1000000]  ep= 920  reward(last50)= 172.92  n_per_axis=[64, 64, 64, 64, 64, 64]  total_splits=0
[ 930000/1000000]  ep= 930  reward(last50)= 173.74  n_per_axis=[64, 64, 64, 64, 64, 64]  total_splits=0
[ 940000/1000000]  ep= 940  reward(last50)= 194.27  n_per_axis=[64, 64, 64, 64, 64, 64]  total_splits=0
[ 950000/1000000]  ep= 950  reward(last50)= 220.39  n_per_axis=[64, 64, 64, 64, 64, 64]  total_splits=0
[ 960000/1000000]  ep= 960  reward(last50)= 253.42  n_per_axis=[64, 64, 64, 64, 64, 64]  total_splits=0
[ 970000/1000000]  ep= 970  reward(last50)= 279.95  n_per_axis=[64, 64, 64, 64, 64, 64]  total_splits=0
[ 980000/1000000]  ep= 980  reward(last50)= 284.37  n_per_axis=[64, 64, 64, 64, 64, 64]  total_splits=0
[ 990000/1000000]  ep= 990  reward(last50)= 271.28  n_per_axis=[64, 64, 64, 64, 64, 64]  total_splits=0
[1000000/1000000]  ep=1000  reward(last50)= 267.03  n_per_axis=[64, 64, 64, 64, 64, 64]  total_splits=0
Saved BranchingDQN checkpoint to checkpoints/dmcs/cheetah-run/timestep_sweep/uniform_n64_seed42.pt

Evaluating (deterministic)...
Eval(10): mean=160.39  std=45.75
Final n_per_axis: [64, 64, 64, 64, 64, 64]  total_cells: 384  (uniform; no splits)
