/home/bruinml/anaconda3/envs/highway/lib/python3.11/site-packages/glfw/__init__.py:917: GLFWError: (65550) b'X11: The DISPLAY environment variable is missing'
  warnings.warn(message, GLFWError)
/home/bruinml/anaconda3/envs/highway/lib/python3.11/site-packages/pygame/pkgdata.py:25: UserWarning: pkg_resources is deprecated as an API. See https://setuptools.pypa.io/en/latest/pkg_resources.html. The pkg_resources package is slated for removal as early as 2025-11-30. Refrain from using this package or pin to Setuptools<81.
  from pkg_resources import resource_stream, resource_exists
Zooming DQN on dm_control/cheetah-run  da=6  init_depth=1 (start=12 cells)  n=64 -> total_budget=384  seed=44  steps=1000000
[  10000/1000000]  ep=  10  reward(last50)=   0.39  n_per_axis=[4, 4, 4, 4, 4, 4]  total_splits=12
[  20000/1000000]  ep=  20  reward(last50)=   9.76  n_per_axis=[25, 24, 26, 26, 29, 24]  total_splits=142
[  30000/1000000]  ep=  30  reward(last50)=  23.85  n_per_axis=[32, 32, 32, 32, 32, 32]  total_splits=180
[  40000/1000000]  ep=  40  reward(last50)=  36.48  n_per_axis=[34, 33, 33, 33, 35, 35]  total_splits=191
[  50000/1000000]  ep=  50  reward(last50)=  43.27  n_per_axis=[37, 41, 39, 39, 39, 39]  total_splits=222
[  60000/1000000]  ep=  60  reward(last50)=  52.79  n_per_axis=[43, 47, 47, 49, 46, 45]  total_splits=265
[  70000/1000000]  ep=  70  reward(last50)=  58.22  n_per_axis=[48, 50, 52, 52, 52, 49]  total_splits=291
[  80000/1000000]  ep=  80  reward(last50)=  52.86  n_per_axis=[53, 52, 58, 57, 55, 53]  total_splits=316
[  90000/1000000]  ep=  90  reward(last50)=  41.07  n_per_axis=[56, 59, 61, 61, 60, 60]  total_splits=345
[ 100000/1000000]  ep= 100  reward(last50)=  31.01  n_per_axis=[60, 63, 63, 63, 62, 62]  total_splits=361
[ 110000/1000000]  ep= 110  reward(last50)=  26.18  n_per_axis=[62, 63, 64, 63, 63, 64]  total_splits=367
[ 120000/1000000]  ep= 120  reward(last50)=  22.35  n_per_axis=[64, 63, 64, 64, 64, 64]  total_splits=371
[ 130000/1000000]  ep= 130  reward(last50)=  25.95  n_per_axis=[64, 64, 64, 64, 64, 64]  total_splits=372
[ 140000/1000000]  ep= 140  reward(last50)=  38.05  n_per_axis=[64, 64, 64, 64, 64, 64]  total_splits=372
[ 150000/1000000]  ep= 150  reward(last50)=  46.43  n_per_axis=[64, 64, 64, 64, 64, 64]  total_splits=372
[ 160000/1000000]  ep= 160  reward(last50)=  50.84  n_per_axis=[64, 64, 64, 64, 64, 64]  total_splits=372
[ 170000/1000000]  ep= 170  reward(last50)=  55.74  n_per_axis=[64, 64, 64, 64, 64, 64]  total_splits=372
[ 180000/1000000]  ep= 180  reward(last50)=  55.13  n_per_axis=[64, 64, 64, 64, 64, 64]  total_splits=372
[ 190000/1000000]  ep= 190  reward(last50)=  48.68  n_per_axis=[64, 64, 64, 64, 64, 64]  total_splits=372
[ 200000/1000000]  ep= 200  reward(last50)=  45.46  n_per_axis=[64, 64, 64, 64, 64, 64]  total_splits=372
[ 210000/1000000]  ep= 210  reward(last50)=  45.15  n_per_axis=[64, 64, 64, 64, 64, 64]  total_splits=372
[ 220000/1000000]  ep= 220  reward(last50)=  43.50  n_per_axis=[64, 64, 64, 64, 64, 64]  total_splits=372
[ 230000/1000000]  ep= 230  reward(last50)=  44.49  n_per_axis=[64, 64, 64, 64, 64, 64]  total_splits=372
[ 240000/1000000]  ep= 240  reward(last50)=  44.07  n_per_axis=[64, 64, 64, 64, 64, 64]  total_splits=372
[ 250000/1000000]  ep= 250  reward(last50)=  43.10  n_per_axis=[64, 64, 64, 64, 64, 64]  total_splits=372
[ 260000/1000000]  ep= 260  reward(last50)=  41.38  n_per_axis=[64, 64, 64, 64, 64, 64]  total_splits=372
[ 270000/1000000]  ep= 270  reward(last50)=  39.15  n_per_axis=[64, 64, 64, 64, 64, 64]  total_splits=372
[ 280000/1000000]  ep= 280  reward(last50)=  37.20  n_per_axis=[64, 64, 64, 64, 64, 64]  total_splits=372
[ 290000/1000000]  ep= 290  reward(last50)=  36.90  n_per_axis=[64, 64, 64, 64, 64, 64]  total_splits=372
[ 300000/1000000]  ep= 300  reward(last50)=  38.12  n_per_axis=[64, 64, 64, 64, 64, 64]  total_splits=372
[ 310000/1000000]  ep= 310  reward(last50)=  41.17  n_per_axis=[64, 64, 64, 64, 64, 64]  total_splits=372
[ 320000/1000000]  ep= 320  reward(last50)=  43.08  n_per_axis=[64, 64, 64, 64, 64, 64]  total_splits=372
[ 330000/1000000]  ep= 330  reward(last50)=  46.23  n_per_axis=[64, 64, 64, 64, 64, 64]  total_splits=372
[ 340000/1000000]  ep= 340  reward(last50)=  48.79  n_per_axis=[64, 64, 64, 64, 64, 64]  total_splits=372
[ 350000/1000000]  ep= 350  reward(last50)=  48.34  n_per_axis=[64, 64, 64, 64, 64, 64]  total_splits=372
[ 360000/1000000]  ep= 360  reward(last50)=  48.96  n_per_axis=[64, 64, 64, 64, 64, 64]  total_splits=372
[ 370000/1000000]  ep= 370  reward(last50)=  49.88  n_per_axis=[64, 64, 64, 64, 64, 64]  total_splits=372
[ 380000/1000000]  ep= 380  reward(last50)=  51.73  n_per_axis=[64, 64, 64, 64, 64, 64]  total_splits=372
[ 390000/1000000]  ep= 390  reward(last50)=  56.58  n_per_axis=[64, 64, 64, 64, 64, 64]  total_splits=372
[ 400000/1000000]  ep= 400  reward(last50)=  60.38  n_per_axis=[64, 64, 64, 64, 64, 64]  total_splits=372
[ 410000/1000000]  ep= 410  reward(last50)=  64.99  n_per_axis=[64, 64, 64, 64, 64, 64]  total_splits=372
[ 420000/1000000]  ep= 420  reward(last50)=  68.03  n_per_axis=[64, 64, 64, 64, 64, 64]  total_splits=372
[ 430000/1000000]  ep= 430  reward(last50)=  72.83  n_per_axis=[64, 64, 64, 64, 64, 64]  total_splits=372
[ 440000/1000000]  ep= 440  reward(last50)=  71.92  n_per_axis=[64, 64, 64, 64, 64, 64]  total_splits=372
[ 450000/1000000]  ep= 450  reward(last50)=  80.14  n_per_axis=[64, 64, 64, 64, 64, 64]  total_splits=372
[ 460000/1000000]  ep= 460  reward(last50)=  85.73  n_per_axis=[64, 64, 64, 64, 64, 64]  total_splits=372
[ 470000/1000000]  ep= 470  reward(last50)=  91.62  n_per_axis=[64, 64, 64, 64, 64, 64]  total_splits=372
[ 480000/1000000]  ep= 480  reward(last50)=  97.98  n_per_axis=[64, 64, 64, 64, 64, 64]  total_splits=372
[ 490000/1000000]  ep= 490  reward(last50)= 111.02  n_per_axis=[64, 64, 64, 64, 64, 64]  total_splits=372
[ 500000/1000000]  ep= 500  reward(last50)= 112.92  n_per_axis=[64, 64, 64, 64, 64, 64]  total_splits=372
[ 510000/1000000]  ep= 510  reward(last50)= 118.60  n_per_axis=[64, 64, 64, 64, 64, 64]  total_splits=372
[ 520000/1000000]  ep= 520  reward(last50)= 128.49  n_per_axis=[64, 64, 64, 64, 64, 64]  total_splits=372
[ 530000/1000000]  ep= 530  reward(last50)= 138.75  n_per_axis=[64, 64, 64, 64, 64, 64]  total_splits=372
[ 540000/1000000]  ep= 540  reward(last50)= 147.47  n_per_axis=[64, 64, 64, 64, 64, 64]  total_splits=372
[ 550000/1000000]  ep= 550  reward(last50)= 161.10  n_per_axis=[64, 64, 64, 64, 64, 64]  total_splits=372
[ 560000/1000000]  ep= 560  reward(last50)= 169.64  n_per_axis=[64, 64, 64, 64, 64, 64]  total_splits=372
[ 570000/1000000]  ep= 570  reward(last50)= 177.35  n_per_axis=[64, 64, 64, 64, 64, 64]  total_splits=372
[ 580000/1000000]  ep= 580  reward(last50)= 186.65  n_per_axis=[64, 64, 64, 64, 64, 64]  total_splits=372
[ 590000/1000000]  ep= 590  reward(last50)= 188.59  n_per_axis=[64, 64, 64, 64, 64, 64]  total_splits=372
[ 600000/1000000]  ep= 600  reward(last50)= 190.06  n_per_axis=[64, 64, 64, 64, 64, 64]  total_splits=372
[ 610000/1000000]  ep= 610  reward(last50)= 198.01  n_per_axis=[64, 64, 64, 64, 64, 64]  total_splits=372
[ 620000/1000000]  ep= 620  reward(last50)= 191.29  n_per_axis=[64, 64, 64, 64, 64, 64]  total_splits=372
[ 630000/1000000]  ep= 630  reward(last50)= 188.92  n_per_axis=[64, 64, 64, 64, 64, 64]  total_splits=372
[ 640000/1000000]  ep= 640  reward(last50)= 183.20  n_per_axis=[64, 64, 64, 64, 64, 64]  total_splits=372
[ 650000/1000000]  ep= 650  reward(last50)= 181.88  n_per_axis=[64, 64, 64, 64, 64, 64]  total_splits=372
[ 660000/1000000]  ep= 660  reward(last50)= 185.24  n_per_axis=[64, 64, 64, 64, 64, 64]  total_splits=372
[ 670000/1000000]  ep= 670  reward(last50)= 201.36  n_per_axis=[64, 64, 64, 64, 64, 64]  total_splits=372
[ 680000/1000000]  ep= 680  reward(last50)= 194.10  n_per_axis=[64, 64, 64, 64, 64, 64]  total_splits=372
[ 690000/1000000]  ep= 690  reward(last50)= 209.55  n_per_axis=[64, 64, 64, 64, 64, 64]  total_splits=372
[ 700000/1000000]  ep= 700  reward(last50)= 224.32  n_per_axis=[64, 64, 64, 64, 64, 64]  total_splits=372
[ 710000/1000000]  ep= 710  reward(last50)= 234.79  n_per_axis=[64, 64, 64, 64, 64, 64]  total_splits=372
[ 720000/1000000]  ep= 720  reward(last50)= 237.88  n_per_axis=[64, 64, 64, 64, 64, 64]  total_splits=372
[ 730000/1000000]  ep= 730  reward(last50)= 256.42  n_per_axis=[64, 64, 64, 64, 64, 64]  total_splits=372
[ 740000/1000000]  ep= 740  reward(last50)= 266.59  n_per_axis=[64, 64, 64, 64, 64, 64]  total_splits=372
[ 750000/1000000]  ep= 750  reward(last50)= 267.39  n_per_axis=[64, 64, 64, 64, 64, 64]  total_splits=372
[ 760000/1000000]  ep= 760  reward(last50)= 271.18  n_per_axis=[64, 64, 64, 64, 64, 64]  total_splits=372
[ 770000/1000000]  ep= 770  reward(last50)= 283.05  n_per_axis=[64, 64, 64, 64, 64, 64]  total_splits=372
[ 780000/1000000]  ep= 780  reward(last50)= 289.83  n_per_axis=[64, 64, 64, 64, 64, 64]  total_splits=372
[ 790000/1000000]  ep= 790  reward(last50)= 280.86  n_per_axis=[64, 64, 64, 64, 64, 64]  total_splits=372
[ 800000/1000000]  ep= 800  reward(last50)= 284.87  n_per_axis=[64, 64, 64, 64, 64, 64]  total_splits=372
[ 810000/1000000]  ep= 810  reward(last50)= 283.43  n_per_axis=[64, 64, 64, 64, 64, 64]  total_splits=372
[ 820000/1000000]  ep= 820  reward(last50)= 289.45  n_per_axis=[64, 64, 64, 64, 64, 64]  total_splits=372
[ 830000/1000000]  ep= 830  reward(last50)= 289.18  n_per_axis=[64, 64, 64, 64, 64, 64]  total_splits=372
[ 840000/1000000]  ep= 840  reward(last50)= 306.82  n_per_axis=[64, 64, 64, 64, 64, 64]  total_splits=372
[ 850000/1000000]  ep= 850  reward(last50)= 321.08  n_per_axis=[64, 64, 64, 64, 64, 64]  total_splits=372
[ 860000/1000000]  ep= 860  reward(last50)= 323.75  n_per_axis=[64, 64, 64, 64, 64, 64]  total_splits=372
[ 870000/1000000]  ep= 870  reward(last50)= 315.13  n_per_axis=[64, 64, 64, 64, 64, 64]  total_splits=372
[ 880000/1000000]  ep= 880  reward(last50)= 316.14  n_per_axis=[64, 64, 64, 64, 64, 64]  total_splits=372
[ 890000/1000000]  ep= 890  reward(last50)= 316.55  n_per_axis=[64, 64, 64, 64, 64, 64]  total_splits=372
[ 900000/1000000]  ep= 900  reward(last50)= 306.35  n_per_axis=[64, 64, 64, 64, 64, 64]  total_splits=372
[ 910000/1000000]  ep= 910  reward(last50)= 300.73  n_per_axis=[64, 64, 64, 64, 64, 64]  total_splits=372
[ 920000/1000000]  ep= 920  reward(last50)= 294.38  n_per_axis=[64, 64, 64, 64, 64, 64]  total_splits=372
[ 930000/1000000]  ep= 930  reward(last50)= 290.74  n_per_axis=[64, 64, 64, 64, 64, 64]  total_splits=372
[ 940000/1000000]  ep= 940  reward(last50)= 287.17  n_per_axis=[64, 64, 64, 64, 64, 64]  total_splits=372
[ 950000/1000000]  ep= 950  reward(last50)= 282.10  n_per_axis=[64, 64, 64, 64, 64, 64]  total_splits=372
[ 960000/1000000]  ep= 960  reward(last50)= 281.39  n_per_axis=[64, 64, 64, 64, 64, 64]  total_splits=372
[ 970000/1000000]  ep= 970  reward(last50)= 276.45  n_per_axis=[64, 64, 64, 64, 64, 64]  total_splits=372
[ 980000/1000000]  ep= 980  reward(last50)= 252.87  n_per_axis=[64, 64, 64, 64, 64, 64]  total_splits=372
[ 990000/1000000]  ep= 990  reward(last50)= 216.03  n_per_axis=[64, 64, 64, 64, 64, 64]  total_splits=372
[1000000/1000000]  ep=1000  reward(last50)= 188.47  n_per_axis=[64, 64, 64, 64, 64, 64]  total_splits=372
Saved BranchingDQN checkpoint to checkpoints/dmcs/cheetah-run/timestep_sweep/zooming_n64_seed44.pt

Evaluating (deterministic)...
Eval(10): mean=210.49  std=103.67
Final n_per_axis: [64, 64, 64, 64, 64, 64]  total_cells: 384/384  total_splits: 372
Split history: 169 events, steps 10000 to 124000
