/home/bruinml/anaconda3/envs/highway/lib/python3.11/site-packages/glfw/__init__.py:917: GLFWError: (65550) b'X11: The DISPLAY environment variable is missing'
  warnings.warn(message, GLFWError)
/home/bruinml/anaconda3/envs/highway/lib/python3.11/site-packages/pygame/pkgdata.py:25: UserWarning: pkg_resources is deprecated as an API. See https://setuptools.pypa.io/en/latest/pkg_resources.html. The pkg_resources package is slated for removal as early as 2025-11-30. Refrain from using this package or pin to Setuptools<81.
  from pkg_resources import resource_stream, resource_exists
Uniform DQN on dm_control/cartpole-swingup  da=1  n=16 (per axis -> 16 total cells)  seed=43  steps=300000
[  10000/300000]  ep=  10  reward(last50)=  53.15  n_per_axis=[16]  total_splits=0
[  20000/300000]  ep=  20  reward(last50)= 121.88  n_per_axis=[16]  total_splits=0
[  30000/300000]  ep=  30  reward(last50)= 179.89  n_per_axis=[16]  total_splits=0
[  40000/300000]  ep=  40  reward(last50)= 243.92  n_per_axis=[16]  total_splits=0
[  50000/300000]  ep=  50  reward(last50)= 273.69  n_per_axis=[16]  total_splits=0
[  60000/300000]  ep=  60  reward(last50)= 312.33  n_per_axis=[16]  total_splits=0
[  70000/300000]  ep=  70  reward(last50)= 375.45  n_per_axis=[16]  total_splits=0
[  80000/300000]  ep=  80  reward(last50)= 459.60  n_per_axis=[16]  total_splits=0
[  90000/300000]  ep=  90  reward(last50)= 516.80  n_per_axis=[16]  total_splits=0
[ 100000/300000]  ep= 100  reward(last50)= 592.42  n_per_axis=[16]  total_splits=0
[ 110000/300000]  ep= 110  reward(last50)= 644.93  n_per_axis=[16]  total_splits=0
[ 120000/300000]  ep= 120  reward(last50)= 643.69  n_per_axis=[16]  total_splits=0
[ 130000/300000]  ep= 130  reward(last50)= 634.13  n_per_axis=[16]  total_splits=0
[ 140000/300000]  ep= 140  reward(last50)= 628.50  n_per_axis=[16]  total_splits=0
[ 150000/300000]  ep= 150  reward(last50)= 627.94  n_per_axis=[16]  total_splits=0
[ 160000/300000]  ep= 160  reward(last50)= 687.97  n_per_axis=[16]  total_splits=0
[ 170000/300000]  ep= 170  reward(last50)= 749.93  n_per_axis=[16]  total_splits=0
[ 180000/300000]  ep= 180  reward(last50)= 772.49  n_per_axis=[16]  total_splits=0
[ 190000/300000]  ep= 190  reward(last50)= 771.46  n_per_axis=[16]  total_splits=0
[ 200000/300000]  ep= 200  reward(last50)= 760.77  n_per_axis=[16]  total_splits=0
[ 210000/300000]  ep= 210  reward(last50)= 744.79  n_per_axis=[16]  total_splits=0
[ 220000/300000]  ep= 220  reward(last50)= 728.49  n_per_axis=[16]  total_splits=0
[ 230000/300000]  ep= 230  reward(last50)= 713.80  n_per_axis=[16]  total_splits=0
[ 240000/300000]  ep= 240  reward(last50)= 738.89  n_per_axis=[16]  total_splits=0
[ 250000/300000]  ep= 250  reward(last50)= 744.82  n_per_axis=[16]  total_splits=0
[ 260000/300000]  ep= 260  reward(last50)= 757.63  n_per_axis=[16]  total_splits=0
[ 270000/300000]  ep= 270  reward(last50)= 765.05  n_per_axis=[16]  total_splits=0
[ 280000/300000]  ep= 280  reward(last50)= 773.30  n_per_axis=[16]  total_splits=0
[ 290000/300000]  ep= 290  reward(last50)= 747.97  n_per_axis=[16]  total_splits=0
[ 300000/300000]  ep= 300  reward(last50)= 764.07  n_per_axis=[16]  total_splits=0
Saved BranchingDQN checkpoint to checkpoints/dmcs/cartpole-swingup/action_sweep/uniform_n16_seed43.pt

Evaluating (deterministic)...
Eval(10): mean=754.48  std=98.79
Final n_per_axis: [16]  total_cells: 16  (uniform; no splits)
