/home/bruinml/anaconda3/envs/highway/lib/python3.11/site-packages/glfw/__init__.py:917: GLFWError: (65550) b'X11: The DISPLAY environment variable is missing'
  warnings.warn(message, GLFWError)
/home/bruinml/anaconda3/envs/highway/lib/python3.11/site-packages/pygame/pkgdata.py:25: UserWarning: pkg_resources is deprecated as an API. See https://setuptools.pypa.io/en/latest/pkg_resources.html. The pkg_resources package is slated for removal as early as 2025-11-30. Refrain from using this package or pin to Setuptools<81.
  from pkg_resources import resource_stream, resource_exists
Uniform DQN on dm_control/cartpole-swingup  da=1  n=64 (per axis -> 64 total cells)  seed=42  steps=300000
[  10000/300000]  ep=  10  reward(last50)= 168.67  n_per_axis=[64]  total_splits=0
[  20000/300000]  ep=  20  reward(last50)= 179.66  n_per_axis=[64]  total_splits=0
[  30000/300000]  ep=  30  reward(last50)= 222.18  n_per_axis=[64]  total_splits=0
[  40000/300000]  ep=  40  reward(last50)= 257.95  n_per_axis=[64]  total_splits=0
[  50000/300000]  ep=  50  reward(last50)= 278.50  n_per_axis=[64]  total_splits=0
[  60000/300000]  ep=  60  reward(last50)= 356.84  n_per_axis=[64]  total_splits=0
[  70000/300000]  ep=  70  reward(last50)= 459.70  n_per_axis=[64]  total_splits=0
[  80000/300000]  ep=  80  reward(last50)= 538.67  n_per_axis=[64]  total_splits=0
[  90000/300000]  ep=  90  reward(last50)= 603.40  n_per_axis=[64]  total_splits=0
[ 100000/300000]  ep= 100  reward(last50)= 678.20  n_per_axis=[64]  total_splits=0
[ 110000/300000]  ep= 110  reward(last50)= 726.31  n_per_axis=[64]  total_splits=0
[ 120000/300000]  ep= 120  reward(last50)= 669.37  n_per_axis=[64]  total_splits=0
[ 130000/300000]  ep= 130  reward(last50)= 591.53  n_per_axis=[64]  total_splits=0
[ 140000/300000]  ep= 140  reward(last50)= 518.01  n_per_axis=[64]  total_splits=0
[ 150000/300000]  ep= 150  reward(last50)= 496.77  n_per_axis=[64]  total_splits=0
[ 160000/300000]  ep= 160  reward(last50)= 418.57  n_per_axis=[64]  total_splits=0
[ 170000/300000]  ep= 170  reward(last50)= 448.77  n_per_axis=[64]  total_splits=0
[ 180000/300000]  ep= 180  reward(last50)= 522.47  n_per_axis=[64]  total_splits=0
[ 190000/300000]  ep= 190  reward(last50)= 607.21  n_per_axis=[64]  total_splits=0
[ 200000/300000]  ep= 200  reward(last50)= 630.29  n_per_axis=[64]  total_splits=0
[ 210000/300000]  ep= 210  reward(last50)= 703.33  n_per_axis=[64]  total_splits=0
[ 220000/300000]  ep= 220  reward(last50)= 732.37  n_per_axis=[64]  total_splits=0
[ 230000/300000]  ep= 230  reward(last50)= 742.16  n_per_axis=[64]  total_splits=0
[ 240000/300000]  ep= 240  reward(last50)= 730.70  n_per_axis=[64]  total_splits=0
[ 250000/300000]  ep= 250  reward(last50)= 732.04  n_per_axis=[64]  total_splits=0
[ 260000/300000]  ep= 260  reward(last50)= 699.59  n_per_axis=[64]  total_splits=0
[ 270000/300000]  ep= 270  reward(last50)= 664.30  n_per_axis=[64]  total_splits=0
[ 280000/300000]  ep= 280  reward(last50)= 621.30  n_per_axis=[64]  total_splits=0
[ 290000/300000]  ep= 290  reward(last50)= 607.09  n_per_axis=[64]  total_splits=0
[ 300000/300000]  ep= 300  reward(last50)= 606.38  n_per_axis=[64]  total_splits=0
Saved BranchingDQN checkpoint to checkpoints/dmcs/cartpole-swingup/action_sweep/uniform_n64_seed42.pt

Evaluating (deterministic)...
Eval(10): mean=533.79  std=97.71
Final n_per_axis: [64]  total_cells: 64  (uniform; no splits)
