/home/bruinml/anaconda3/envs/highway/lib/python3.11/site-packages/glfw/__init__.py:917: GLFWError: (65550) b'X11: The DISPLAY environment variable is missing'
  warnings.warn(message, GLFWError)
/home/bruinml/anaconda3/envs/highway/lib/python3.11/site-packages/pygame/pkgdata.py:25: UserWarning: pkg_resources is deprecated as an API. See https://setuptools.pypa.io/en/latest/pkg_resources.html. The pkg_resources package is slated for removal as early as 2025-11-30. Refrain from using this package or pin to Setuptools<81.
  from pkg_resources import resource_stream, resource_exists
Zooming DQN on dm_control/cartpole-swingup  da=1  init_depth=1 (start=2 cells)  n=32 -> total_budget=32  seed=44  steps=300000
[  10000/300000]  ep=  10  reward(last50)= 167.66  n_per_axis=[4]  total_splits=2
[  20000/300000]  ep=  20  reward(last50)= 153.83  n_per_axis=[32]  total_splits=30
[  30000/300000]  ep=  30  reward(last50)= 168.77  n_per_axis=[32]  total_splits=30
[  40000/300000]  ep=  40  reward(last50)= 207.92  n_per_axis=[32]  total_splits=30
[  50000/300000]  ep=  50  reward(last50)= 222.65  n_per_axis=[32]  total_splits=30
[  60000/300000]  ep=  60  reward(last50)= 249.83  n_per_axis=[32]  total_splits=30
[  70000/300000]  ep=  70  reward(last50)= 294.58  n_per_axis=[32]  total_splits=30
[  80000/300000]  ep=  80  reward(last50)= 347.93  n_per_axis=[32]  total_splits=30
[  90000/300000]  ep=  90  reward(last50)= 373.11  n_per_axis=[32]  total_splits=30
[ 100000/300000]  ep= 100  reward(last50)= 402.65  n_per_axis=[32]  total_splits=30
[ 110000/300000]  ep= 110  reward(last50)= 447.13  n_per_axis=[32]  total_splits=30
[ 120000/300000]  ep= 120  reward(last50)= 424.42  n_per_axis=[32]  total_splits=30
[ 130000/300000]  ep= 130  reward(last50)= 369.14  n_per_axis=[32]  total_splits=30
[ 140000/300000]  ep= 140  reward(last50)= 325.37  n_per_axis=[32]  total_splits=30
[ 150000/300000]  ep= 150  reward(last50)= 309.82  n_per_axis=[32]  total_splits=30
[ 160000/300000]  ep= 160  reward(last50)= 264.98  n_per_axis=[32]  total_splits=30
[ 170000/300000]  ep= 170  reward(last50)= 294.30  n_per_axis=[32]  total_splits=30
[ 180000/300000]  ep= 180  reward(last50)= 359.82  n_per_axis=[32]  total_splits=30
[ 190000/300000]  ep= 190  reward(last50)= 417.71  n_per_axis=[32]  total_splits=30
[ 200000/300000]  ep= 200  reward(last50)= 470.54  n_per_axis=[32]  total_splits=30
[ 210000/300000]  ep= 210  reward(last50)= 519.72  n_per_axis=[32]  total_splits=30
[ 220000/300000]  ep= 220  reward(last50)= 554.88  n_per_axis=[32]  total_splits=30
[ 230000/300000]  ep= 230  reward(last50)= 546.71  n_per_axis=[32]  total_splits=30
[ 240000/300000]  ep= 240  reward(last50)= 562.88  n_per_axis=[32]  total_splits=30
[ 250000/300000]  ep= 250  reward(last50)= 581.53  n_per_axis=[32]  total_splits=30
[ 260000/300000]  ep= 260  reward(last50)= 624.60  n_per_axis=[32]  total_splits=30
[ 270000/300000]  ep= 270  reward(last50)= 663.78  n_per_axis=[32]  total_splits=30
[ 280000/300000]  ep= 280  reward(last50)= 715.30  n_per_axis=[32]  total_splits=30
[ 290000/300000]  ep= 290  reward(last50)= 707.77  n_per_axis=[32]  total_splits=30
[ 300000/300000]  ep= 300  reward(last50)= 726.17  n_per_axis=[32]  total_splits=30
Saved BranchingDQN checkpoint to checkpoints/dmcs/cartpole-swingup/action_sweep/zooming_n32_seed44.pt

Evaluating (deterministic)...
Eval(10): mean=824.53  std=3.00
Final n_per_axis: [32]  total_cells: 32/32  total_splits: 30
Split history: 4 events, steps 10000 to 16000
