/home/bruinml/anaconda3/envs/highway/lib/python3.11/site-packages/glfw/__init__.py:917: GLFWError: (65550) b'X11: The DISPLAY environment variable is missing'
  warnings.warn(message, GLFWError)
/home/bruinml/anaconda3/envs/highway/lib/python3.11/site-packages/pygame/pkgdata.py:25: UserWarning: pkg_resources is deprecated as an API. See https://setuptools.pypa.io/en/latest/pkg_resources.html. The pkg_resources package is slated for removal as early as 2025-11-30. Refrain from using this package or pin to Setuptools<81.
  from pkg_resources import resource_stream, resource_exists
Zooming DQN on dm_control/cartpole-swingup  da=1  init_depth=1 (start=2 cells)  n=16 -> total_budget=16  seed=44  steps=300000
[  10000/300000]  ep=  10  reward(last50)= 175.88  n_per_axis=[4]  total_splits=2
[  20000/300000]  ep=  20  reward(last50)= 140.75  n_per_axis=[16]  total_splits=14
[  30000/300000]  ep=  30  reward(last50)= 150.38  n_per_axis=[16]  total_splits=14
[  40000/300000]  ep=  40  reward(last50)= 158.48  n_per_axis=[16]  total_splits=14
[  50000/300000]  ep=  50  reward(last50)= 163.43  n_per_axis=[16]  total_splits=14
[  60000/300000]  ep=  60  reward(last50)= 168.29  n_per_axis=[16]  total_splits=14
[  70000/300000]  ep=  70  reward(last50)= 188.14  n_per_axis=[16]  total_splits=14
[  80000/300000]  ep=  80  reward(last50)= 201.39  n_per_axis=[16]  total_splits=14
[  90000/300000]  ep=  90  reward(last50)= 226.82  n_per_axis=[16]  total_splits=14
[ 100000/300000]  ep= 100  reward(last50)= 263.27  n_per_axis=[16]  total_splits=14
[ 110000/300000]  ep= 110  reward(last50)= 322.35  n_per_axis=[16]  total_splits=14
[ 120000/300000]  ep= 120  reward(last50)= 394.18  n_per_axis=[16]  total_splits=14
[ 130000/300000]  ep= 130  reward(last50)= 463.57  n_per_axis=[16]  total_splits=14
[ 140000/300000]  ep= 140  reward(last50)= 527.82  n_per_axis=[16]  total_splits=14
[ 150000/300000]  ep= 150  reward(last50)= 562.28  n_per_axis=[16]  total_splits=14
[ 160000/300000]  ep= 160  reward(last50)= 577.96  n_per_axis=[16]  total_splits=14
[ 170000/300000]  ep= 170  reward(last50)= 612.28  n_per_axis=[16]  total_splits=14
[ 180000/300000]  ep= 180  reward(last50)= 645.34  n_per_axis=[16]  total_splits=14
[ 190000/300000]  ep= 190  reward(last50)= 667.35  n_per_axis=[16]  total_splits=14
[ 200000/300000]  ep= 200  reward(last50)= 703.21  n_per_axis=[16]  total_splits=14
[ 210000/300000]  ep= 210  reward(last50)= 727.39  n_per_axis=[16]  total_splits=14
[ 220000/300000]  ep= 220  reward(last50)= 708.21  n_per_axis=[16]  total_splits=14
[ 230000/300000]  ep= 230  reward(last50)= 693.76  n_per_axis=[16]  total_splits=14
[ 240000/300000]  ep= 240  reward(last50)= 680.46  n_per_axis=[16]  total_splits=14
[ 250000/300000]  ep= 250  reward(last50)= 679.73  n_per_axis=[16]  total_splits=14
[ 260000/300000]  ep= 260  reward(last50)= 676.74  n_per_axis=[16]  total_splits=14
[ 270000/300000]  ep= 270  reward(last50)= 687.99  n_per_axis=[16]  total_splits=14
[ 280000/300000]  ep= 280  reward(last50)= 696.80  n_per_axis=[16]  total_splits=14
[ 290000/300000]  ep= 290  reward(last50)= 704.33  n_per_axis=[16]  total_splits=14
[ 300000/300000]  ep= 300  reward(last50)= 702.41  n_per_axis=[16]  total_splits=14
Saved BranchingDQN checkpoint to checkpoints/dmcs/cartpole-swingup/action_sweep/zooming_n16_seed44.pt

Evaluating (deterministic)...
Eval(10): mean=367.99  std=2.89
Final n_per_axis: [16]  total_cells: 16/16  total_splits: 14
Split history: 3 events, steps 10000 to 14000
