C:\Users\Polar\miniconda3\envs\highway\lib\site-packages\pygame\pkgdata.py:25: UserWarning: pkg_resources is deprecated as an API. See https://setuptools.pypa.io/en/latest/pkg_resources.html. The pkg_resources package is slated for removal as early as 2025-11-30. Refrain from using this package or pin to Setuptools<81.
  from pkg_resources import resource_stream, resource_exists
Uniform DQN on racetrack-v0  N=16  seed=42  steps=150000
[   5000/150000]  ep= 445  reward(last50)=   6.21  n_actions=16  total_splits=0
[  10000/150000]  ep= 875  reward(last50)=   6.12  n_actions=16  total_splits=0
[  15000/150000]  ep=1320  reward(last50)=   5.60  n_actions=16  total_splits=0
[  20000/150000]  ep=1731  reward(last50)=   6.14  n_actions=16  total_splits=0
[  25000/150000]  ep=2123  reward(last50)=   7.97  n_actions=16  total_splits=0
[  30000/150000]  ep=2428  reward(last50)=  12.30  n_actions=16  total_splits=0
[  35000/150000]  ep=2654  reward(last50)=  14.67  n_actions=16  total_splits=0
[  40000/150000]  ep=2833  reward(last50)=  21.80  n_actions=16  total_splits=0
[  45000/150000]  ep=2957  reward(last50)=  32.96  n_actions=16  total_splits=0
[  50000/150000]  ep=3038  reward(last50)=  45.30  n_actions=16  total_splits=0
[  55000/150000]  ep=3089  reward(last50)=  73.94  n_actions=16  total_splits=0
[  60000/150000]  ep=3110  reward(last50)= 125.05  n_actions=16  total_splits=0
[  65000/150000]  ep=3135  reward(last50)= 169.48  n_actions=16  total_splits=0
[  70000/150000]  ep=3151  reward(last50)= 222.72  n_actions=16  total_splits=0
[  75000/150000]  ep=3163  reward(last50)= 226.68  n_actions=16  total_splits=0
[  80000/150000]  ep=3178  reward(last50)= 276.13  n_actions=16  total_splits=0
[  85000/150000]  ep=3189  reward(last50)= 319.37  n_actions=16  total_splits=0
[  90000/150000]  ep=3200  reward(last50)= 335.71  n_actions=16  total_splits=0
[  95000/150000]  ep=3216  reward(last50)= 327.01  n_actions=16  total_splits=0
[ 100000/150000]  ep=3224  reward(last50)= 353.43  n_actions=16  total_splits=0
[ 105000/150000]  ep=3234  reward(last50)= 386.97  n_actions=16  total_splits=0
[ 110000/150000]  ep=3248  reward(last50)= 384.71  n_actions=16  total_splits=0
[ 115000/150000]  ep=3254  reward(last50)= 428.91  n_actions=16  total_splits=0
[ 120000/150000]  ep=3263  reward(last50)= 452.63  n_actions=16  total_splits=0
[ 125000/150000]  ep=3268  reward(last50)= 524.07  n_actions=16  total_splits=0
[ 130000/150000]  ep=3276  reward(last50)= 518.21  n_actions=16  total_splits=0
[ 135000/150000]  ep=3286  reward(last50)= 520.18  n_actions=16  total_splits=0
[ 140000/150000]  ep=3291  reward(last50)= 551.27  n_actions=16  total_splits=0
[ 145000/150000]  ep=3297  reward(last50)= 626.20  n_actions=16  total_splits=0
[ 150000/150000]  ep=3305  reward(last50)= 627.25  n_actions=16  total_splits=0
Saved DQN checkpoint to checkpoints/highway/architectures/uniform_n16_seed42.pt

Evaluating (deterministic)...
Eval(20): mean=473.96  std=612.39
