/home/bruinml/anaconda3/envs/highway/lib/python3.11/site-packages/glfw/__init__.py:917: GLFWError: (65550) b'X11: The DISPLAY environment variable is missing'
  warnings.warn(message, GLFWError)
/home/bruinml/anaconda3/envs/highway/lib/python3.11/site-packages/pygame/pkgdata.py:25: UserWarning: pkg_resources is deprecated as an API. See https://setuptools.pypa.io/en/latest/pkg_resources.html. The pkg_resources package is slated for removal as early as 2025-11-30. Refrain from using this package or pin to Setuptools<81.
  from pkg_resources import resource_stream, resource_exists
Uniform DQN on dm_control/cheetah-run  da=6  n=64 (per axis -> 384 total cells)  seed=44  steps=300000
[  10000/300000]  ep=  10  reward(last50)=   5.54  n_per_axis=[64, 64, 64, 64, 64, 64]  total_splits=0
[  20000/300000]  ep=  20  reward(last50)=  15.74  n_per_axis=[64, 64, 64, 64, 64, 64]  total_splits=0
[  30000/300000]  ep=  30  reward(last50)=  37.55  n_per_axis=[64, 64, 64, 64, 64, 64]  total_splits=0
[  40000/300000]  ep=  40  reward(last50)=  48.49  n_per_axis=[64, 64, 64, 64, 64, 64]  total_splits=0
[  50000/300000]  ep=  50  reward(last50)=  58.11  n_per_axis=[64, 64, 64, 64, 64, 64]  total_splits=0
[  60000/300000]  ep=  60  reward(last50)=  76.47  n_per_axis=[64, 64, 64, 64, 64, 64]  total_splits=0
[  70000/300000]  ep=  70  reward(last50)=  90.30  n_per_axis=[64, 64, 64, 64, 64, 64]  total_splits=0
[  80000/300000]  ep=  80  reward(last50)= 100.26  n_per_axis=[64, 64, 64, 64, 64, 64]  total_splits=0
[  90000/300000]  ep=  90  reward(last50)= 111.21  n_per_axis=[64, 64, 64, 64, 64, 64]  total_splits=0
[ 100000/300000]  ep= 100  reward(last50)= 131.10  n_per_axis=[64, 64, 64, 64, 64, 64]  total_splits=0
[ 110000/300000]  ep= 110  reward(last50)= 150.04  n_per_axis=[64, 64, 64, 64, 64, 64]  total_splits=0
[ 120000/300000]  ep= 120  reward(last50)= 166.34  n_per_axis=[64, 64, 64, 64, 64, 64]  total_splits=0
[ 130000/300000]  ep= 130  reward(last50)= 180.20  n_per_axis=[64, 64, 64, 64, 64, 64]  total_splits=0
[ 140000/300000]  ep= 140  reward(last50)= 191.35  n_per_axis=[64, 64, 64, 64, 64, 64]  total_splits=0
[ 150000/300000]  ep= 150  reward(last50)= 200.32  n_per_axis=[64, 64, 64, 64, 64, 64]  total_splits=0
[ 160000/300000]  ep= 160  reward(last50)= 207.31  n_per_axis=[64, 64, 64, 64, 64, 64]  total_splits=0
[ 170000/300000]  ep= 170  reward(last50)= 222.33  n_per_axis=[64, 64, 64, 64, 64, 64]  total_splits=0
[ 180000/300000]  ep= 180  reward(last50)= 230.37  n_per_axis=[64, 64, 64, 64, 64, 64]  total_splits=0
[ 190000/300000]  ep= 190  reward(last50)= 239.10  n_per_axis=[64, 64, 64, 64, 64, 64]  total_splits=0
[ 200000/300000]  ep= 200  reward(last50)= 222.10  n_per_axis=[64, 64, 64, 64, 64, 64]  total_splits=0
[ 210000/300000]  ep= 210  reward(last50)= 190.73  n_per_axis=[64, 64, 64, 64, 64, 64]  total_splits=0
[ 220000/300000]  ep= 220  reward(last50)= 150.40  n_per_axis=[64, 64, 64, 64, 64, 64]  total_splits=0
[ 230000/300000]  ep= 230  reward(last50)= 110.53  n_per_axis=[64, 64, 64, 64, 64, 64]  total_splits=0
[ 240000/300000]  ep= 240  reward(last50)=  70.84  n_per_axis=[64, 64, 64, 64, 64, 64]  total_splits=0
[ 250000/300000]  ep= 250  reward(last50)=  45.90  n_per_axis=[64, 64, 64, 64, 64, 64]  total_splits=0
[ 260000/300000]  ep= 260  reward(last50)=  37.58  n_per_axis=[64, 64, 64, 64, 64, 64]  total_splits=0
[ 270000/300000]  ep= 270  reward(last50)=  33.48  n_per_axis=[64, 64, 64, 64, 64, 64]  total_splits=0
[ 280000/300000]  ep= 280  reward(last50)=  31.54  n_per_axis=[64, 64, 64, 64, 64, 64]  total_splits=0
[ 290000/300000]  ep= 290  reward(last50)=  29.85  n_per_axis=[64, 64, 64, 64, 64, 64]  total_splits=0
[ 300000/300000]  ep= 300  reward(last50)=  28.87  n_per_axis=[64, 64, 64, 64, 64, 64]  total_splits=0
Saved BranchingDQN checkpoint to checkpoints/dmcs/cheetah-run/action_sweep/uniform_n64_seed44.pt

Evaluating (deterministic)...
Eval(10): mean=24.95  std=9.52
Final n_per_axis: [64, 64, 64, 64, 64, 64]  total_cells: 384  (uniform; no splits)
