/home/bruinml/anaconda3/envs/highway/lib/python3.11/site-packages/glfw/__init__.py:917: GLFWError: (65550) b'X11: The DISPLAY environment variable is missing'
  warnings.warn(message, GLFWError)
/home/bruinml/anaconda3/envs/highway/lib/python3.11/site-packages/pygame/pkgdata.py:25: UserWarning: pkg_resources is deprecated as an API. See https://setuptools.pypa.io/en/latest/pkg_resources.html. The pkg_resources package is slated for removal as early as 2025-11-30. Refrain from using this package or pin to Setuptools<81.
  from pkg_resources import resource_stream, resource_exists
Uniform DQN on dm_control/cheetah-run  da=6  n=32 (per axis -> 192 total cells)  seed=42  steps=300000
[  10000/300000]  ep=  10  reward(last50)=   5.00  n_per_axis=[32, 32, 32, 32, 32, 32]  total_splits=0
[  20000/300000]  ep=  20  reward(last50)=  11.45  n_per_axis=[32, 32, 32, 32, 32, 32]  total_splits=0
[  30000/300000]  ep=  30  reward(last50)=  30.01  n_per_axis=[32, 32, 32, 32, 32, 32]  total_splits=0
[  40000/300000]  ep=  40  reward(last50)=  46.24  n_per_axis=[32, 32, 32, 32, 32, 32]  total_splits=0
[  50000/300000]  ep=  50  reward(last50)=  61.12  n_per_axis=[32, 32, 32, 32, 32, 32]  total_splits=0
[  60000/300000]  ep=  60  reward(last50)=  89.37  n_per_axis=[32, 32, 32, 32, 32, 32]  total_splits=0
[  70000/300000]  ep=  70  reward(last50)= 119.83  n_per_axis=[32, 32, 32, 32, 32, 32]  total_splits=0
[  80000/300000]  ep=  80  reward(last50)= 146.16  n_per_axis=[32, 32, 32, 32, 32, 32]  total_splits=0
[  90000/300000]  ep=  90  reward(last50)= 173.47  n_per_axis=[32, 32, 32, 32, 32, 32]  total_splits=0
[ 100000/300000]  ep= 100  reward(last50)= 191.27  n_per_axis=[32, 32, 32, 32, 32, 32]  total_splits=0
[ 110000/300000]  ep= 110  reward(last50)= 200.46  n_per_axis=[32, 32, 32, 32, 32, 32]  total_splits=0
[ 120000/300000]  ep= 120  reward(last50)= 205.30  n_per_axis=[32, 32, 32, 32, 32, 32]  total_splits=0
[ 130000/300000]  ep= 130  reward(last50)= 212.95  n_per_axis=[32, 32, 32, 32, 32, 32]  total_splits=0
[ 140000/300000]  ep= 140  reward(last50)= 213.50  n_per_axis=[32, 32, 32, 32, 32, 32]  total_splits=0
[ 150000/300000]  ep= 150  reward(last50)= 227.35  n_per_axis=[32, 32, 32, 32, 32, 32]  total_splits=0
[ 160000/300000]  ep= 160  reward(last50)= 236.73  n_per_axis=[32, 32, 32, 32, 32, 32]  total_splits=0
[ 170000/300000]  ep= 170  reward(last50)= 243.37  n_per_axis=[32, 32, 32, 32, 32, 32]  total_splits=0
[ 180000/300000]  ep= 180  reward(last50)= 242.25  n_per_axis=[32, 32, 32, 32, 32, 32]  total_splits=0
[ 190000/300000]  ep= 190  reward(last50)= 261.49  n_per_axis=[32, 32, 32, 32, 32, 32]  total_splits=0
[ 200000/300000]  ep= 200  reward(last50)= 270.91  n_per_axis=[32, 32, 32, 32, 32, 32]  total_splits=0
[ 210000/300000]  ep= 210  reward(last50)= 287.80  n_per_axis=[32, 32, 32, 32, 32, 32]  total_splits=0
[ 220000/300000]  ep= 220  reward(last50)= 313.96  n_per_axis=[32, 32, 32, 32, 32, 32]  total_splits=0
[ 230000/300000]  ep= 230  reward(last50)= 349.36  n_per_axis=[32, 32, 32, 32, 32, 32]  total_splits=0
[ 240000/300000]  ep= 240  reward(last50)= 361.94  n_per_axis=[32, 32, 32, 32, 32, 32]  total_splits=0
[ 250000/300000]  ep= 250  reward(last50)= 375.87  n_per_axis=[32, 32, 32, 32, 32, 32]  total_splits=0
[ 260000/300000]  ep= 260  reward(last50)= 385.49  n_per_axis=[32, 32, 32, 32, 32, 32]  total_splits=0
[ 270000/300000]  ep= 270  reward(last50)= 396.66  n_per_axis=[32, 32, 32, 32, 32, 32]  total_splits=0
[ 280000/300000]  ep= 280  reward(last50)= 385.97  n_per_axis=[32, 32, 32, 32, 32, 32]  total_splits=0
[ 290000/300000]  ep= 290  reward(last50)= 378.17  n_per_axis=[32, 32, 32, 32, 32, 32]  total_splits=0
[ 300000/300000]  ep= 300  reward(last50)= 384.37  n_per_axis=[32, 32, 32, 32, 32, 32]  total_splits=0
Saved BranchingDQN checkpoint to checkpoints/dmcs/cheetah-run/action_sweep/uniform_n32_seed42.pt

Evaluating (deterministic)...
Eval(10): mean=357.44  std=67.12
Final n_per_axis: [32, 32, 32, 32, 32, 32]  total_cells: 192  (uniform; no splits)
