/home/bruinml/anaconda3/envs/highway/lib/python3.11/site-packages/glfw/__init__.py:917: GLFWError: (65550) b'X11: The DISPLAY environment variable is missing'
  warnings.warn(message, GLFWError)
/home/bruinml/anaconda3/envs/highway/lib/python3.11/site-packages/pygame/pkgdata.py:25: UserWarning: pkg_resources is deprecated as an API. See https://setuptools.pypa.io/en/latest/pkg_resources.html. The pkg_resources package is slated for removal as early as 2025-11-30. Refrain from using this package or pin to Setuptools<81.
  from pkg_resources import resource_stream, resource_exists
Uniform DQN on dm_control/cheetah-run  da=6  n=128 (per axis -> 768 total cells)  seed=42  steps=300000
[  10000/300000]  ep=  10  reward(last50)=  11.35  n_per_axis=[128, 128, 128, 128, 128, 128]  total_splits=0
[  20000/300000]  ep=  20  reward(last50)=  14.60  n_per_axis=[128, 128, 128, 128, 128, 128]  total_splits=0
[  30000/300000]  ep=  30  reward(last50)=  28.70  n_per_axis=[128, 128, 128, 128, 128, 128]  total_splits=0
[  40000/300000]  ep=  40  reward(last50)=  38.24  n_per_axis=[128, 128, 128, 128, 128, 128]  total_splits=0
[  50000/300000]  ep=  50  reward(last50)=  46.40  n_per_axis=[128, 128, 128, 128, 128, 128]  total_splits=0
[  60000/300000]  ep=  60  reward(last50)=  59.13  n_per_axis=[128, 128, 128, 128, 128, 128]  total_splits=0
[  70000/300000]  ep=  70  reward(last50)=  79.18  n_per_axis=[128, 128, 128, 128, 128, 128]  total_splits=0
[  80000/300000]  ep=  80  reward(last50)=  91.64  n_per_axis=[128, 128, 128, 128, 128, 128]  total_splits=0
[  90000/300000]  ep=  90  reward(last50)= 100.09  n_per_axis=[128, 128, 128, 128, 128, 128]  total_splits=0
[ 100000/300000]  ep= 100  reward(last50)= 109.79  n_per_axis=[128, 128, 128, 128, 128, 128]  total_splits=0
[ 110000/300000]  ep= 110  reward(last50)= 126.81  n_per_axis=[128, 128, 128, 128, 128, 128]  total_splits=0
[ 120000/300000]  ep= 120  reward(last50)= 129.95  n_per_axis=[128, 128, 128, 128, 128, 128]  total_splits=0
[ 130000/300000]  ep= 130  reward(last50)= 139.54  n_per_axis=[128, 128, 128, 128, 128, 128]  total_splits=0
[ 140000/300000]  ep= 140  reward(last50)= 158.79  n_per_axis=[128, 128, 128, 128, 128, 128]  total_splits=0
[ 150000/300000]  ep= 150  reward(last50)= 166.41  n_per_axis=[128, 128, 128, 128, 128, 128]  total_splits=0
[ 160000/300000]  ep= 160  reward(last50)= 167.00  n_per_axis=[128, 128, 128, 128, 128, 128]  total_splits=0
[ 170000/300000]  ep= 170  reward(last50)= 181.24  n_per_axis=[128, 128, 128, 128, 128, 128]  total_splits=0
[ 180000/300000]  ep= 180  reward(last50)= 195.62  n_per_axis=[128, 128, 128, 128, 128, 128]  total_splits=0
[ 190000/300000]  ep= 190  reward(last50)= 194.33  n_per_axis=[128, 128, 128, 128, 128, 128]  total_splits=0
[ 200000/300000]  ep= 200  reward(last50)= 214.14  n_per_axis=[128, 128, 128, 128, 128, 128]  total_splits=0
[ 210000/300000]  ep= 210  reward(last50)= 227.41  n_per_axis=[128, 128, 128, 128, 128, 128]  total_splits=0
[ 220000/300000]  ep= 220  reward(last50)= 238.68  n_per_axis=[128, 128, 128, 128, 128, 128]  total_splits=0
[ 230000/300000]  ep= 230  reward(last50)= 236.81  n_per_axis=[128, 128, 128, 128, 128, 128]  total_splits=0
[ 240000/300000]  ep= 240  reward(last50)= 246.59  n_per_axis=[128, 128, 128, 128, 128, 128]  total_splits=0
[ 250000/300000]  ep= 250  reward(last50)= 243.81  n_per_axis=[128, 128, 128, 128, 128, 128]  total_splits=0
[ 260000/300000]  ep= 260  reward(last50)= 217.46  n_per_axis=[128, 128, 128, 128, 128, 128]  total_splits=0
[ 270000/300000]  ep= 270  reward(last50)= 179.74  n_per_axis=[128, 128, 128, 128, 128, 128]  total_splits=0
[ 280000/300000]  ep= 280  reward(last50)= 140.34  n_per_axis=[128, 128, 128, 128, 128, 128]  total_splits=0
[ 290000/300000]  ep= 290  reward(last50)=  97.85  n_per_axis=[128, 128, 128, 128, 128, 128]  total_splits=0
[ 300000/300000]  ep= 300  reward(last50)=  53.23  n_per_axis=[128, 128, 128, 128, 128, 128]  total_splits=0
Saved BranchingDQN checkpoint to checkpoints/dmcs/cheetah-run/action_sweep/uniform_n128_seed42.pt

Evaluating (deterministic)...
Eval(10): mean=33.17  std=3.97
Final n_per_axis: [128, 128, 128, 128, 128, 128]  total_cells: 768  (uniform; no splits)
