/home/bruinml/anaconda3/envs/highway/lib/python3.11/site-packages/glfw/__init__.py:917: GLFWError: (65550) b'X11: The DISPLAY environment variable is missing'
  warnings.warn(message, GLFWError)
/home/bruinml/anaconda3/envs/highway/lib/python3.11/site-packages/pygame/pkgdata.py:25: UserWarning: pkg_resources is deprecated as an API. See https://setuptools.pypa.io/en/latest/pkg_resources.html. The pkg_resources package is slated for removal as early as 2025-11-30. Refrain from using this package or pin to Setuptools<81.
  from pkg_resources import resource_stream, resource_exists
Zooming DQN on dm_control/cheetah-run  da=6  init_depth=1 (start=12 cells)  n=16 -> total_budget=96  seed=42  steps=300000
[  10000/300000]  ep=  10  reward(last50)=   3.10  n_per_axis=[4, 4, 4, 4, 4, 4]  total_splits=12
[  20000/300000]  ep=  20  reward(last50)=  22.84  n_per_axis=[16, 16, 16, 16, 16, 16]  total_splits=84
[  30000/300000]  ep=  30  reward(last50)=  41.82  n_per_axis=[16, 16, 16, 16, 16, 16]  total_splits=84
[  40000/300000]  ep=  40  reward(last50)=  59.64  n_per_axis=[16, 16, 16, 16, 16, 16]  total_splits=84
[  50000/300000]  ep=  50  reward(last50)=  69.60  n_per_axis=[16, 16, 16, 16, 16, 16]  total_splits=84
[  60000/300000]  ep=  60  reward(last50)= 104.51  n_per_axis=[16, 16, 16, 16, 16, 16]  total_splits=84
[  70000/300000]  ep=  70  reward(last50)= 137.80  n_per_axis=[16, 16, 16, 16, 16, 16]  total_splits=84
[  80000/300000]  ep=  80  reward(last50)= 169.10  n_per_axis=[16, 16, 16, 16, 16, 16]  total_splits=84
[  90000/300000]  ep=  90  reward(last50)= 195.35  n_per_axis=[16, 16, 16, 16, 16, 16]  total_splits=84
[ 100000/300000]  ep= 100  reward(last50)= 221.98  n_per_axis=[16, 16, 16, 16, 16, 16]  total_splits=84
[ 110000/300000]  ep= 110  reward(last50)= 236.95  n_per_axis=[16, 16, 16, 16, 16, 16]  total_splits=84
[ 120000/300000]  ep= 120  reward(last50)= 242.18  n_per_axis=[16, 16, 16, 16, 16, 16]  total_splits=84
[ 130000/300000]  ep= 130  reward(last50)= 241.73  n_per_axis=[16, 16, 16, 16, 16, 16]  total_splits=84
[ 140000/300000]  ep= 140  reward(last50)= 257.19  n_per_axis=[16, 16, 16, 16, 16, 16]  total_splits=84
[ 150000/300000]  ep= 150  reward(last50)= 284.55  n_per_axis=[16, 16, 16, 16, 16, 16]  total_splits=84
[ 160000/300000]  ep= 160  reward(last50)= 316.92  n_per_axis=[16, 16, 16, 16, 16, 16]  total_splits=84
[ 170000/300000]  ep= 170  reward(last50)= 355.83  n_per_axis=[16, 16, 16, 16, 16, 16]  total_splits=84
[ 180000/300000]  ep= 180  reward(last50)= 398.54  n_per_axis=[16, 16, 16, 16, 16, 16]  total_splits=84
[ 190000/300000]  ep= 190  reward(last50)= 417.82  n_per_axis=[16, 16, 16, 16, 16, 16]  total_splits=84
[ 200000/300000]  ep= 200  reward(last50)= 425.05  n_per_axis=[16, 16, 16, 16, 16, 16]  total_splits=84
[ 210000/300000]  ep= 210  reward(last50)= 435.42  n_per_axis=[16, 16, 16, 16, 16, 16]  total_splits=84
[ 220000/300000]  ep= 220  reward(last50)= 433.67  n_per_axis=[16, 16, 16, 16, 16, 16]  total_splits=84
[ 230000/300000]  ep= 230  reward(last50)= 429.88  n_per_axis=[16, 16, 16, 16, 16, 16]  total_splits=84
[ 240000/300000]  ep= 240  reward(last50)= 444.88  n_per_axis=[16, 16, 16, 16, 16, 16]  total_splits=84
[ 250000/300000]  ep= 250  reward(last50)= 447.39  n_per_axis=[16, 16, 16, 16, 16, 16]  total_splits=84
[ 260000/300000]  ep= 260  reward(last50)= 430.67  n_per_axis=[16, 16, 16, 16, 16, 16]  total_splits=84
[ 270000/300000]  ep= 270  reward(last50)= 438.19  n_per_axis=[16, 16, 16, 16, 16, 16]  total_splits=84
[ 280000/300000]  ep= 280  reward(last50)= 441.68  n_per_axis=[16, 16, 16, 16, 16, 16]  total_splits=84
[ 290000/300000]  ep= 290  reward(last50)= 434.51  n_per_axis=[16, 16, 16, 16, 16, 16]  total_splits=84
[ 300000/300000]  ep= 300  reward(last50)= 455.42  n_per_axis=[16, 16, 16, 16, 16, 16]  total_splits=84
Saved BranchingDQN checkpoint to checkpoints/dmcs/cheetah-run/action_sweep/zooming_n16_seed42.pt

Evaluating (deterministic)...
Eval(10): mean=577.48  std=14.90
Final n_per_axis: [16, 16, 16, 16, 16, 16]  total_cells: 96/96  total_splits: 84
Split history: 18 events, steps 10000 to 14000
