/home/bruinml/anaconda3/envs/highway/lib/python3.11/site-packages/glfw/__init__.py:917: GLFWError: (65550) b'X11: The DISPLAY environment variable is missing'
  warnings.warn(message, GLFWError)
/home/bruinml/anaconda3/envs/highway/lib/python3.11/site-packages/pygame/pkgdata.py:25: UserWarning: pkg_resources is deprecated as an API. See https://setuptools.pypa.io/en/latest/pkg_resources.html. The pkg_resources package is slated for removal as early as 2025-11-30. Refrain from using this package or pin to Setuptools<81.
  from pkg_resources import resource_stream, resource_exists
SAC on dm_control/cheetah-run  seed=43  steps=500000
[  10000/500000]  ep=  10  reward(last50)=   3.91  alpha=0.1000
[  20000/500000]  ep=  20  reward(last50)=   5.24  alpha=0.0290
[  30000/500000]  ep=  30  reward(last50)=  14.50  alpha=0.0098
[  40000/500000]  ep=  40  reward(last50)=  26.19  alpha=0.0039
[  50000/500000]  ep=  50  reward(last50)=  35.24  alpha=0.0024
[  60000/500000]  ep=  60  reward(last50)=  48.05  alpha=0.0027
[  70000/500000]  ep=  70  reward(last50)=  60.71  alpha=0.0026
[  80000/500000]  ep=  80  reward(last50)=  75.35  alpha=0.0025
[  90000/500000]  ep=  90  reward(last50)=  92.37  alpha=0.0030
[ 100000/500000]  ep= 100  reward(last50)= 104.64  alpha=0.0031
[ 110000/500000]  ep= 110  reward(last50)= 130.82  alpha=0.0035
[ 120000/500000]  ep= 120  reward(last50)= 162.83  alpha=0.0037
[ 130000/500000]  ep= 130  reward(last50)= 196.37  alpha=0.0040
[ 140000/500000]  ep= 140  reward(last50)= 211.39  alpha=0.0044
[ 150000/500000]  ep= 150  reward(last50)= 235.32  alpha=0.0046
[ 160000/500000]  ep= 160  reward(last50)= 245.41  alpha=0.0046
[ 170000/500000]  ep= 170  reward(last50)= 258.28  alpha=0.0048
[ 180000/500000]  ep= 180  reward(last50)= 244.89  alpha=0.0046
[ 190000/500000]  ep= 190  reward(last50)= 265.19  alpha=0.0051
[ 200000/500000]  ep= 200  reward(last50)= 289.62  alpha=0.0053
[ 210000/500000]  ep= 210  reward(last50)= 319.02  alpha=0.0056
[ 220000/500000]  ep= 220  reward(last50)= 347.10  alpha=0.0059
[ 230000/500000]  ep= 230  reward(last50)= 402.80  alpha=0.0060
[ 240000/500000]  ep= 240  reward(last50)= 431.14  alpha=0.0066
[ 250000/500000]  ep= 250  reward(last50)= 460.73  alpha=0.0069
[ 260000/500000]  ep= 260  reward(last50)= 483.78  alpha=0.0074
[ 270000/500000]  ep= 270  reward(last50)= 497.93  alpha=0.0074
[ 280000/500000]  ep= 280  reward(last50)= 511.00  alpha=0.0080
[ 290000/500000]  ep= 290  reward(last50)= 525.11  alpha=0.0088
[ 300000/500000]  ep= 300  reward(last50)= 526.34  alpha=0.0088
[ 310000/500000]  ep= 310  reward(last50)= 537.00  alpha=0.0087
[ 320000/500000]  ep= 320  reward(last50)= 550.63  alpha=0.0086
[ 330000/500000]  ep= 330  reward(last50)= 555.69  alpha=0.0090
[ 340000/500000]  ep= 340  reward(last50)= 565.39  alpha=0.0092
[ 350000/500000]  ep= 350  reward(last50)= 580.71  alpha=0.0096
[ 360000/500000]  ep= 360  reward(last50)= 579.96  alpha=0.0101
[ 370000/500000]  ep= 370  reward(last50)= 585.37  alpha=0.0103
[ 380000/500000]  ep= 380  reward(last50)= 591.79  alpha=0.0105
[ 390000/500000]  ep= 390  reward(last50)= 595.92  alpha=0.0111
[ 400000/500000]  ep= 400  reward(last50)= 595.52  alpha=0.0109
[ 410000/500000]  ep= 410  reward(last50)= 602.71  alpha=0.0108
[ 420000/500000]  ep= 420  reward(last50)= 603.48  alpha=0.0116
[ 430000/500000]  ep= 430  reward(last50)= 603.79  alpha=0.0118
[ 440000/500000]  ep= 440  reward(last50)= 605.61  alpha=0.0112
[ 450000/500000]  ep= 450  reward(last50)= 604.33  alpha=0.0112
[ 460000/500000]  ep= 460  reward(last50)= 609.93  alpha=0.0115
[ 470000/500000]  ep= 470  reward(last50)= 611.45  alpha=0.0120
[ 480000/500000]  ep= 480  reward(last50)= 612.25  alpha=0.0118
[ 490000/500000]  ep= 490  reward(last50)= 606.87  alpha=0.0123
[ 500000/500000]  ep= 500  reward(last50)= 607.50  alpha=0.0117
Saved SAC checkpoint to checkpoints/dmcs/cheetah-run/architectures/sac_seed43.pt

Evaluating (deterministic)...
Eval(10): mean=635.01  std=48.82
