/home/bruinml/anaconda3/envs/highway/lib/python3.11/site-packages/glfw/__init__.py:917: GLFWError: (65550) b'X11: The DISPLAY environment variable is missing'
  warnings.warn(message, GLFWError)
/home/bruinml/anaconda3/envs/highway/lib/python3.11/site-packages/pygame/pkgdata.py:25: UserWarning: pkg_resources is deprecated as an API. See https://setuptools.pypa.io/en/latest/pkg_resources.html. The pkg_resources package is slated for removal as early as 2025-11-30. Refrain from using this package or pin to Setuptools<81.
  from pkg_resources import resource_stream, resource_exists
SAC on dm_control/cheetah-run  seed=46  steps=500000
[  10000/500000]  ep=  10  reward(last50)=   4.19  alpha=0.1000
[  20000/500000]  ep=  20  reward(last50)=   6.89  alpha=0.0290
[  30000/500000]  ep=  30  reward(last50)=  24.48  alpha=0.0102
[  40000/500000]  ep=  40  reward(last50)=  33.24  alpha=0.0045
[  50000/500000]  ep=  50  reward(last50)=  41.71  alpha=0.0034
[  60000/500000]  ep=  60  reward(last50)=  52.98  alpha=0.0034
[  70000/500000]  ep=  70  reward(last50)=  68.16  alpha=0.0032
[  80000/500000]  ep=  80  reward(last50)=  79.56  alpha=0.0029
[  90000/500000]  ep=  90  reward(last50)=  88.02  alpha=0.0028
[ 100000/500000]  ep= 100  reward(last50)=  97.30  alpha=0.0029
[ 110000/500000]  ep= 110  reward(last50)= 111.07  alpha=0.0028
[ 120000/500000]  ep= 120  reward(last50)= 134.79  alpha=0.0029
[ 130000/500000]  ep= 130  reward(last50)= 139.41  alpha=0.0028
[ 140000/500000]  ep= 140  reward(last50)= 168.49  alpha=0.0031
[ 150000/500000]  ep= 150  reward(last50)= 184.31  alpha=0.0031
[ 160000/500000]  ep= 160  reward(last50)= 212.94  alpha=0.0035
[ 170000/500000]  ep= 170  reward(last50)= 223.49  alpha=0.0039
[ 180000/500000]  ep= 180  reward(last50)= 246.61  alpha=0.0038
[ 190000/500000]  ep= 190  reward(last50)= 252.20  alpha=0.0041
[ 200000/500000]  ep= 200  reward(last50)= 264.60  alpha=0.0043
[ 210000/500000]  ep= 210  reward(last50)= 274.41  alpha=0.0046
[ 220000/500000]  ep= 220  reward(last50)= 294.89  alpha=0.0048
[ 230000/500000]  ep= 230  reward(last50)= 318.08  alpha=0.0049
[ 240000/500000]  ep= 240  reward(last50)= 335.77  alpha=0.0050
[ 250000/500000]  ep= 250  reward(last50)= 349.00  alpha=0.0053
[ 260000/500000]  ep= 260  reward(last50)= 350.75  alpha=0.0056
[ 270000/500000]  ep= 270  reward(last50)= 348.75  alpha=0.0056
[ 280000/500000]  ep= 280  reward(last50)= 365.12  alpha=0.0059
[ 290000/500000]  ep= 290  reward(last50)= 386.87  alpha=0.0065
[ 300000/500000]  ep= 300  reward(last50)= 421.97  alpha=0.0067
[ 310000/500000]  ep= 310  reward(last50)= 459.43  alpha=0.0073
[ 320000/500000]  ep= 320  reward(last50)= 485.57  alpha=0.0077
[ 330000/500000]  ep= 330  reward(last50)= 497.04  alpha=0.0081
[ 340000/500000]  ep= 340  reward(last50)= 481.45  alpha=0.0081
[ 350000/500000]  ep= 350  reward(last50)= 475.90  alpha=0.0085
[ 360000/500000]  ep= 360  reward(last50)= 463.47  alpha=0.0089
[ 370000/500000]  ep= 370  reward(last50)= 461.86  alpha=0.0094
[ 380000/500000]  ep= 380  reward(last50)= 463.13  alpha=0.0095
[ 390000/500000]  ep= 390  reward(last50)= 495.08  alpha=0.0100
[ 400000/500000]  ep= 400  reward(last50)= 513.13  alpha=0.0099
[ 410000/500000]  ep= 410  reward(last50)= 531.29  alpha=0.0099
[ 420000/500000]  ep= 420  reward(last50)= 546.75  alpha=0.0100
[ 430000/500000]  ep= 430  reward(last50)= 557.50  alpha=0.0102
[ 440000/500000]  ep= 440  reward(last50)= 563.13  alpha=0.0104
[ 450000/500000]  ep= 450  reward(last50)= 565.50  alpha=0.0103
[ 460000/500000]  ep= 460  reward(last50)= 575.89  alpha=0.0106
[ 470000/500000]  ep= 470  reward(last50)= 583.58  alpha=0.0106
[ 480000/500000]  ep= 480  reward(last50)= 586.63  alpha=0.0110
[ 490000/500000]  ep= 490  reward(last50)= 588.99  alpha=0.0110
[ 500000/500000]  ep= 500  reward(last50)= 593.38  alpha=0.0118
Saved SAC checkpoint to checkpoints/dmcs/cheetah-run/architectures/sac_seed46.pt

Evaluating (deterministic)...
Eval(10): mean=634.32  std=20.37
