/home/bruinml/anaconda3/envs/highway/lib/python3.11/site-packages/glfw/__init__.py:917: GLFWError: (65550) b'X11: The DISPLAY environment variable is missing'
  warnings.warn(message, GLFWError)
/home/bruinml/anaconda3/envs/highway/lib/python3.11/site-packages/pygame/pkgdata.py:25: UserWarning: pkg_resources is deprecated as an API. See https://setuptools.pypa.io/en/latest/pkg_resources.html. The pkg_resources package is slated for removal as early as 2025-11-30. Refrain from using this package or pin to Setuptools<81.
  from pkg_resources import resource_stream, resource_exists
SAC on dm_control/cheetah-run  seed=44  steps=500000
[  10000/500000]  ep=  10  reward(last50)=   3.22  alpha=0.1000
[  20000/500000]  ep=  20  reward(last50)=   4.99  alpha=0.0290
[  30000/500000]  ep=  30  reward(last50)=  20.01  alpha=0.0099
[  40000/500000]  ep=  40  reward(last50)=  32.47  alpha=0.0041
[  50000/500000]  ep=  50  reward(last50)=  42.19  alpha=0.0024
[  60000/500000]  ep=  60  reward(last50)=  58.19  alpha=0.0028
[  70000/500000]  ep=  70  reward(last50)=  76.44  alpha=0.0029
[  80000/500000]  ep=  80  reward(last50)=  94.93  alpha=0.0033
[  90000/500000]  ep=  90  reward(last50)= 101.48  alpha=0.0034
[ 100000/500000]  ep= 100  reward(last50)= 111.52  alpha=0.0036
[ 110000/500000]  ep= 110  reward(last50)= 142.23  alpha=0.0040
[ 120000/500000]  ep= 120  reward(last50)= 147.79  alpha=0.0043
[ 130000/500000]  ep= 130  reward(last50)= 149.57  alpha=0.0046
[ 140000/500000]  ep= 140  reward(last50)= 154.46  alpha=0.0045
[ 150000/500000]  ep= 150  reward(last50)= 172.55  alpha=0.0045
[ 160000/500000]  ep= 160  reward(last50)= 169.13  alpha=0.0042
[ 170000/500000]  ep= 170  reward(last50)= 207.21  alpha=0.0040
[ 180000/500000]  ep= 180  reward(last50)= 238.13  alpha=0.0043
[ 190000/500000]  ep= 190  reward(last50)= 282.87  alpha=0.0048
[ 200000/500000]  ep= 200  reward(last50)= 320.71  alpha=0.0052
[ 210000/500000]  ep= 210  reward(last50)= 360.43  alpha=0.0055
[ 220000/500000]  ep= 220  reward(last50)= 358.32  alpha=0.0058
[ 230000/500000]  ep= 230  reward(last50)= 370.92  alpha=0.0060
[ 240000/500000]  ep= 240  reward(last50)= 383.82  alpha=0.0060
[ 250000/500000]  ep= 250  reward(last50)= 384.64  alpha=0.0062
[ 260000/500000]  ep= 260  reward(last50)= 387.97  alpha=0.0062
[ 270000/500000]  ep= 270  reward(last50)= 418.95  alpha=0.0067
[ 280000/500000]  ep= 280  reward(last50)= 436.43  alpha=0.0069
[ 290000/500000]  ep= 290  reward(last50)= 442.08  alpha=0.0072
[ 300000/500000]  ep= 300  reward(last50)= 451.57  alpha=0.0073
[ 310000/500000]  ep= 310  reward(last50)= 450.97  alpha=0.0073
[ 320000/500000]  ep= 320  reward(last50)= 446.82  alpha=0.0075
[ 330000/500000]  ep= 330  reward(last50)= 451.43  alpha=0.0080
[ 340000/500000]  ep= 340  reward(last50)= 459.61  alpha=0.0082
[ 350000/500000]  ep= 350  reward(last50)= 462.47  alpha=0.0083
[ 360000/500000]  ep= 360  reward(last50)= 473.78  alpha=0.0084
[ 370000/500000]  ep= 370  reward(last50)= 480.06  alpha=0.0082
[ 380000/500000]  ep= 380  reward(last50)= 479.48  alpha=0.0090
[ 390000/500000]  ep= 390  reward(last50)= 481.41  alpha=0.0091
[ 400000/500000]  ep= 400  reward(last50)= 483.04  alpha=0.0094
[ 410000/500000]  ep= 410  reward(last50)= 483.04  alpha=0.0094
[ 420000/500000]  ep= 420  reward(last50)= 486.04  alpha=0.0095
[ 430000/500000]  ep= 430  reward(last50)= 484.77  alpha=0.0095
[ 440000/500000]  ep= 440  reward(last50)= 482.21  alpha=0.0099
[ 450000/500000]  ep= 450  reward(last50)= 481.46  alpha=0.0097
[ 460000/500000]  ep= 460  reward(last50)= 480.73  alpha=0.0101
[ 470000/500000]  ep= 470  reward(last50)= 481.07  alpha=0.0097
[ 480000/500000]  ep= 480  reward(last50)= 482.36  alpha=0.0100
[ 490000/500000]  ep= 490  reward(last50)= 484.80  alpha=0.0100
[ 500000/500000]  ep= 500  reward(last50)= 479.25  alpha=0.0101
Saved SAC checkpoint to checkpoints/dmcs/cheetah-run/architectures/sac_seed44.pt

Evaluating (deterministic)...
Eval(10): mean=507.61  std=20.62
