/home/bruinml/anaconda3/envs/highway/lib/python3.11/site-packages/glfw/__init__.py:917: GLFWError: (65550) b'X11: The DISPLAY environment variable is missing'
  warnings.warn(message, GLFWError)
/home/bruinml/anaconda3/envs/highway/lib/python3.11/site-packages/pygame/pkgdata.py:25: UserWarning: pkg_resources is deprecated as an API. See https://setuptools.pypa.io/en/latest/pkg_resources.html. The pkg_resources package is slated for removal as early as 2025-11-30. Refrain from using this package or pin to Setuptools<81.
  from pkg_resources import resource_stream, resource_exists
Zooming DQN on dm_control/cheetah-run  da=6  init_depth=1 (start=12 cells)  n=64 -> total_budget=384  seed=43  steps=500000
[  10000/500000]  ep=  10  reward(last50)=   1.43  n_per_axis=[4, 4, 4, 4, 4, 4]  total_splits=12
[  20000/500000]  ep=  20  reward(last50)=  15.33  n_per_axis=[23, 26, 24, 26, 25, 26]  total_splits=138
[  30000/500000]  ep=  30  reward(last50)=  28.32  n_per_axis=[32, 32, 32, 32, 32, 32]  total_splits=180
[  40000/500000]  ep=  40  reward(last50)=  43.40  n_per_axis=[33, 33, 32, 32, 33, 32]  total_splits=183
[  50000/500000]  ep=  50  reward(last50)=  49.90  n_per_axis=[39, 37, 40, 38, 37, 39]  total_splits=218
[  60000/500000]  ep=  60  reward(last50)=  61.01  n_per_axis=[44, 47, 48, 51, 46, 47]  total_splits=271
[  70000/500000]  ep=  70  reward(last50)=  60.46  n_per_axis=[53, 52, 52, 56, 53, 54]  total_splits=308
[  80000/500000]  ep=  80  reward(last50)=  55.80  n_per_axis=[55, 58, 60, 62, 58, 58]  total_splits=339
[  90000/500000]  ep=  90  reward(last50)=  47.81  n_per_axis=[59, 62, 61, 63, 61, 62]  total_splits=356
[ 100000/500000]  ep= 100  reward(last50)=  42.07  n_per_axis=[60, 63, 62, 63, 63, 63]  total_splits=362
[ 110000/500000]  ep= 110  reward(last50)=  43.71  n_per_axis=[61, 64, 64, 63, 64, 64]  total_splits=368
[ 120000/500000]  ep= 120  reward(last50)=  50.15  n_per_axis=[63, 64, 64, 63, 64, 64]  total_splits=370
[ 130000/500000]  ep= 130  reward(last50)=  60.29  n_per_axis=[63, 64, 64, 65, 64, 64]  total_splits=372
[ 140000/500000]  ep= 140  reward(last50)=  70.23  n_per_axis=[63, 64, 64, 65, 64, 64]  total_splits=372
[ 150000/500000]  ep= 150  reward(last50)=  82.01  n_per_axis=[63, 64, 64, 65, 64, 64]  total_splits=372
[ 160000/500000]  ep= 160  reward(last50)=  89.83  n_per_axis=[63, 64, 64, 65, 64, 64]  total_splits=372
[ 170000/500000]  ep= 170  reward(last50)= 100.01  n_per_axis=[63, 64, 64, 65, 64, 64]  total_splits=372
[ 180000/500000]  ep= 180  reward(last50)= 103.49  n_per_axis=[63, 64, 64, 65, 64, 64]  total_splits=372
[ 190000/500000]  ep= 190  reward(last50)= 109.01  n_per_axis=[63, 64, 64, 65, 64, 64]  total_splits=372
[ 200000/500000]  ep= 200  reward(last50)= 111.46  n_per_axis=[63, 64, 64, 65, 64, 64]  total_splits=372
[ 210000/500000]  ep= 210  reward(last50)= 119.79  n_per_axis=[63, 64, 64, 65, 64, 64]  total_splits=372
[ 220000/500000]  ep= 220  reward(last50)= 128.11  n_per_axis=[63, 64, 64, 65, 64, 64]  total_splits=372
[ 230000/500000]  ep= 230  reward(last50)= 143.02  n_per_axis=[63, 64, 64, 65, 64, 64]  total_splits=372
[ 240000/500000]  ep= 240  reward(last50)= 153.70  n_per_axis=[63, 64, 64, 65, 64, 64]  total_splits=372
[ 250000/500000]  ep= 250  reward(last50)= 165.24  n_per_axis=[63, 64, 64, 65, 64, 64]  total_splits=372
[ 260000/500000]  ep= 260  reward(last50)= 175.90  n_per_axis=[63, 64, 64, 65, 64, 64]  total_splits=372
[ 270000/500000]  ep= 270  reward(last50)= 183.76  n_per_axis=[63, 64, 64, 65, 64, 64]  total_splits=372
[ 280000/500000]  ep= 280  reward(last50)= 190.47  n_per_axis=[63, 64, 64, 65, 64, 64]  total_splits=372
[ 290000/500000]  ep= 290  reward(last50)= 189.70  n_per_axis=[63, 64, 64, 65, 64, 64]  total_splits=372
[ 300000/500000]  ep= 300  reward(last50)= 196.12  n_per_axis=[63, 64, 64, 65, 64, 64]  total_splits=372
[ 310000/500000]  ep= 310  reward(last50)= 201.17  n_per_axis=[63, 64, 64, 65, 64, 64]  total_splits=372
[ 320000/500000]  ep= 320  reward(last50)= 214.71  n_per_axis=[63, 64, 64, 65, 64, 64]  total_splits=372
[ 330000/500000]  ep= 330  reward(last50)= 223.68  n_per_axis=[63, 64, 64, 65, 64, 64]  total_splits=372
[ 340000/500000]  ep= 340  reward(last50)= 236.80  n_per_axis=[63, 64, 64, 65, 64, 64]  total_splits=372
[ 350000/500000]  ep= 350  reward(last50)= 248.21  n_per_axis=[63, 64, 64, 65, 64, 64]  total_splits=372
[ 360000/500000]  ep= 360  reward(last50)= 250.87  n_per_axis=[63, 64, 64, 65, 64, 64]  total_splits=372
[ 370000/500000]  ep= 370  reward(last50)= 246.41  n_per_axis=[63, 64, 64, 65, 64, 64]  total_splits=372
[ 380000/500000]  ep= 380  reward(last50)= 247.98  n_per_axis=[63, 64, 64, 65, 64, 64]  total_splits=372
[ 390000/500000]  ep= 390  reward(last50)= 248.08  n_per_axis=[63, 64, 64, 65, 64, 64]  total_splits=372
[ 400000/500000]  ep= 400  reward(last50)= 245.57  n_per_axis=[63, 64, 64, 65, 64, 64]  total_splits=372
[ 410000/500000]  ep= 410  reward(last50)= 252.81  n_per_axis=[63, 64, 64, 65, 64, 64]  total_splits=372
[ 420000/500000]  ep= 420  reward(last50)= 268.73  n_per_axis=[63, 64, 64, 65, 64, 64]  total_splits=372
[ 430000/500000]  ep= 430  reward(last50)= 273.18  n_per_axis=[63, 64, 64, 65, 64, 64]  total_splits=372
[ 440000/500000]  ep= 440  reward(last50)= 280.45  n_per_axis=[63, 64, 64, 65, 64, 64]  total_splits=372
[ 450000/500000]  ep= 450  reward(last50)= 286.41  n_per_axis=[63, 64, 64, 65, 64, 64]  total_splits=372
[ 460000/500000]  ep= 460  reward(last50)= 287.70  n_per_axis=[63, 64, 64, 65, 64, 64]  total_splits=372
[ 470000/500000]  ep= 470  reward(last50)= 289.01  n_per_axis=[63, 64, 64, 65, 64, 64]  total_splits=372
[ 480000/500000]  ep= 480  reward(last50)= 297.08  n_per_axis=[63, 64, 64, 65, 64, 64]  total_splits=372
[ 490000/500000]  ep= 490  reward(last50)= 289.45  n_per_axis=[63, 64, 64, 65, 64, 64]  total_splits=372
[ 500000/500000]  ep= 500  reward(last50)= 300.06  n_per_axis=[63, 64, 64, 65, 64, 64]  total_splits=372
Saved BranchingDQN checkpoint to checkpoints/dmcs/cheetah-run/architectures/zooming_n64_seed43.pt

Evaluating (deterministic)...
Eval(10): mean=344.87  std=22.37
Final n_per_axis: [63, 64, 64, 65, 64, 64]  total_cells: 384/384  total_splits: 372
Split history: 160 events, steps 10000 to 128000
