/home/bruinml/anaconda3/envs/highway/lib/python3.11/site-packages/glfw/__init__.py:917: GLFWError: (65550) b'X11: The DISPLAY environment variable is missing'
  warnings.warn(message, GLFWError)
/home/bruinml/anaconda3/envs/highway/lib/python3.11/site-packages/pygame/pkgdata.py:25: UserWarning: pkg_resources is deprecated as an API. See https://setuptools.pypa.io/en/latest/pkg_resources.html. The pkg_resources package is slated for removal as early as 2025-11-30. Refrain from using this package or pin to Setuptools<81.
  from pkg_resources import resource_stream, resource_exists
Zooming DQN on dm_control/cheetah-run  da=6  init_depth=1 (start=12 cells)  n=64 -> total_budget=384  seed=42  steps=500000
[  10000/500000]  ep=  10  reward(last50)=   3.33  n_per_axis=[4, 4, 4, 4, 4, 4]  total_splits=12
[  20000/500000]  ep=  20  reward(last50)=  22.03  n_per_axis=[27, 30, 25, 26, 27, 26]  total_splits=149
[  30000/500000]  ep=  30  reward(last50)=  35.91  n_per_axis=[32, 32, 32, 32, 32, 32]  total_splits=180
[  40000/500000]  ep=  40  reward(last50)=  51.55  n_per_axis=[34, 34, 34, 34, 34, 32]  total_splits=190
[  50000/500000]  ep=  50  reward(last50)=  56.79  n_per_axis=[38, 40, 40, 36, 39, 41]  total_splits=222
[  60000/500000]  ep=  60  reward(last50)=  67.88  n_per_axis=[44, 46, 46, 45, 44, 48]  total_splits=261
[  70000/500000]  ep=  70  reward(last50)=  69.08  n_per_axis=[48, 51, 51, 54, 49, 51]  total_splits=292
[  80000/500000]  ep=  80  reward(last50)=  61.77  n_per_axis=[54, 55, 56, 59, 57, 56]  total_splits=325
[  90000/500000]  ep=  90  reward(last50)=  45.83  n_per_axis=[56, 59, 60, 62, 60, 60]  total_splits=345
[ 100000/500000]  ep= 100  reward(last50)=  33.76  n_per_axis=[60, 62, 63, 63, 63, 63]  total_splits=362
[ 110000/500000]  ep= 110  reward(last50)=  28.95  n_per_axis=[63, 63, 64, 64, 64, 64]  total_splits=370
[ 120000/500000]  ep= 120  reward(last50)=  29.75  n_per_axis=[63, 64, 64, 64, 64, 64]  total_splits=371
[ 130000/500000]  ep= 130  reward(last50)=  43.58  n_per_axis=[63, 64, 64, 64, 64, 64]  total_splits=371
[ 140000/500000]  ep= 140  reward(last50)=  62.60  n_per_axis=[64, 64, 64, 64, 64, 64]  total_splits=372
[ 150000/500000]  ep= 150  reward(last50)=  79.16  n_per_axis=[64, 64, 64, 64, 64, 64]  total_splits=372
[ 160000/500000]  ep= 160  reward(last50)=  88.62  n_per_axis=[64, 64, 64, 64, 64, 64]  total_splits=372
[ 170000/500000]  ep= 170  reward(last50)=  98.21  n_per_axis=[64, 64, 64, 64, 64, 64]  total_splits=372
[ 180000/500000]  ep= 180  reward(last50)=  98.54  n_per_axis=[64, 64, 64, 64, 64, 64]  total_splits=372
[ 190000/500000]  ep= 190  reward(last50)=  97.91  n_per_axis=[64, 64, 64, 64, 64, 64]  total_splits=372
[ 200000/500000]  ep= 200  reward(last50)=  96.08  n_per_axis=[64, 64, 64, 64, 64, 64]  total_splits=372
[ 210000/500000]  ep= 210  reward(last50)= 103.22  n_per_axis=[64, 64, 64, 64, 64, 64]  total_splits=372
[ 220000/500000]  ep= 220  reward(last50)= 111.85  n_per_axis=[64, 64, 64, 64, 64, 64]  total_splits=372
[ 230000/500000]  ep= 230  reward(last50)= 123.71  n_per_axis=[64, 64, 64, 64, 64, 64]  total_splits=372
[ 240000/500000]  ep= 240  reward(last50)= 126.30  n_per_axis=[64, 64, 64, 64, 64, 64]  total_splits=372
[ 250000/500000]  ep= 250  reward(last50)= 138.60  n_per_axis=[64, 64, 64, 64, 64, 64]  total_splits=372
[ 260000/500000]  ep= 260  reward(last50)= 151.41  n_per_axis=[64, 64, 64, 64, 64, 64]  total_splits=372
[ 270000/500000]  ep= 270  reward(last50)= 161.43  n_per_axis=[64, 64, 64, 64, 64, 64]  total_splits=372
[ 280000/500000]  ep= 280  reward(last50)= 169.47  n_per_axis=[64, 64, 64, 64, 64, 64]  total_splits=372
[ 290000/500000]  ep= 290  reward(last50)= 184.14  n_per_axis=[64, 64, 64, 64, 64, 64]  total_splits=372
[ 300000/500000]  ep= 300  reward(last50)= 190.61  n_per_axis=[64, 64, 64, 64, 64, 64]  total_splits=372
[ 310000/500000]  ep= 310  reward(last50)= 189.29  n_per_axis=[64, 64, 64, 64, 64, 64]  total_splits=372
[ 320000/500000]  ep= 320  reward(last50)= 197.56  n_per_axis=[64, 64, 64, 64, 64, 64]  total_splits=372
[ 330000/500000]  ep= 330  reward(last50)= 204.96  n_per_axis=[64, 64, 64, 64, 64, 64]  total_splits=372
[ 340000/500000]  ep= 340  reward(last50)= 218.79  n_per_axis=[64, 64, 64, 64, 64, 64]  total_splits=372
[ 350000/500000]  ep= 350  reward(last50)= 239.44  n_per_axis=[64, 64, 64, 64, 64, 64]  total_splits=372
[ 360000/500000]  ep= 360  reward(last50)= 258.39  n_per_axis=[64, 64, 64, 64, 64, 64]  total_splits=372
[ 370000/500000]  ep= 370  reward(last50)= 264.34  n_per_axis=[64, 64, 64, 64, 64, 64]  total_splits=372
[ 380000/500000]  ep= 380  reward(last50)= 266.51  n_per_axis=[64, 64, 64, 64, 64, 64]  total_splits=372
[ 390000/500000]  ep= 390  reward(last50)= 272.81  n_per_axis=[64, 64, 64, 64, 64, 64]  total_splits=372
[ 400000/500000]  ep= 400  reward(last50)= 276.77  n_per_axis=[64, 64, 64, 64, 64, 64]  total_splits=372
[ 410000/500000]  ep= 410  reward(last50)= 283.99  n_per_axis=[64, 64, 64, 64, 64, 64]  total_splits=372
[ 420000/500000]  ep= 420  reward(last50)= 286.78  n_per_axis=[64, 64, 64, 64, 64, 64]  total_splits=372
[ 430000/500000]  ep= 430  reward(last50)= 282.40  n_per_axis=[64, 64, 64, 64, 64, 64]  total_splits=372
[ 440000/500000]  ep= 440  reward(last50)= 281.04  n_per_axis=[64, 64, 64, 64, 64, 64]  total_splits=372
[ 450000/500000]  ep= 450  reward(last50)= 273.45  n_per_axis=[64, 64, 64, 64, 64, 64]  total_splits=372
[ 460000/500000]  ep= 460  reward(last50)= 273.37  n_per_axis=[64, 64, 64, 64, 64, 64]  total_splits=372
[ 470000/500000]  ep= 470  reward(last50)= 268.03  n_per_axis=[64, 64, 64, 64, 64, 64]  total_splits=372
[ 480000/500000]  ep= 480  reward(last50)= 283.74  n_per_axis=[64, 64, 64, 64, 64, 64]  total_splits=372
[ 490000/500000]  ep= 490  reward(last50)= 277.35  n_per_axis=[64, 64, 64, 64, 64, 64]  total_splits=372
[ 500000/500000]  ep= 500  reward(last50)= 287.19  n_per_axis=[64, 64, 64, 64, 64, 64]  total_splits=372
Saved BranchingDQN checkpoint to checkpoints/dmcs/cheetah-run/architectures/zooming_n64_seed42.pt

Evaluating (deterministic)...
Eval(10): mean=279.02  std=91.50
Final n_per_axis: [64, 64, 64, 64, 64, 64]  total_cells: 384/384  total_splits: 372
Split history: 165 events, steps 10000 to 134000
