C:\Users\Polar\miniconda3\envs\highway\lib\site-packages\pygame\pkgdata.py:25: UserWarning: pkg_resources is deprecated as an API. See https://setuptools.pypa.io/en/latest/pkg_resources.html. The pkg_resources package is slated for removal as early as 2025-11-30. Refrain from using this package or pin to Setuptools<81.
  from pkg_resources import resource_stream, resource_exists
Uniform DQN on racetrack-v0  N=64  seed=42  steps=600000
[   5000/600000]  ep= 477  reward(last50)=   5.51  n_actions=64  total_splits=0
[  10000/600000]  ep= 943  reward(last50)=   5.44  n_actions=64  total_splits=0
[  15000/600000]  ep=1417  reward(last50)=   5.32  n_actions=64  total_splits=0
[  20000/600000]  ep=1910  reward(last50)=   4.65  n_actions=64  total_splits=0
[  25000/600000]  ep=2426  reward(last50)=   5.13  n_actions=64  total_splits=0
[  30000/600000]  ep=2958  reward(last50)=   4.57  n_actions=64  total_splits=0
[  35000/600000]  ep=3474  reward(last50)=   5.27  n_actions=64  total_splits=0
[  40000/600000]  ep=4001  reward(last50)=   4.91  n_actions=64  total_splits=0
[  45000/600000]  ep=4535  reward(last50)=   4.19  n_actions=64  total_splits=0
[  50000/600000]  ep=5078  reward(last50)=   3.94  n_actions=64  total_splits=0
[  55000/600000]  ep=5632  reward(last50)=   4.06  n_actions=64  total_splits=0
[  60000/600000]  ep=6181  reward(last50)=   4.90  n_actions=64  total_splits=0
[  65000/600000]  ep=6729  reward(last50)=   4.92  n_actions=64  total_splits=0
[  70000/600000]  ep=7293  reward(last50)=   5.07  n_actions=64  total_splits=0
[  75000/600000]  ep=7869  reward(last50)=   3.98  n_actions=64  total_splits=0
[  80000/600000]  ep=8409  reward(last50)=   3.90  n_actions=64  total_splits=0
[  85000/600000]  ep=8942  reward(last50)=   4.78  n_actions=64  total_splits=0
[  90000/600000]  ep=9488  reward(last50)=   3.28  n_actions=64  total_splits=0
[  95000/600000]  ep=10022  reward(last50)=   4.37  n_actions=64  total_splits=0
[ 100000/600000]  ep=10530  reward(last50)=   4.50  n_actions=64  total_splits=0
[ 105000/600000]  ep=11030  reward(last50)=   4.86  n_actions=64  total_splits=0
[ 110000/600000]  ep=11542  reward(last50)=   4.64  n_actions=64  total_splits=0
[ 115000/600000]  ep=12070  reward(last50)=   4.88  n_actions=64  total_splits=0
[ 120000/600000]  ep=12586  reward(last50)=   4.59  n_actions=64  total_splits=0
[ 125000/600000]  ep=13079  reward(last50)=   3.99  n_actions=64  total_splits=0
[ 130000/600000]  ep=13544  reward(last50)=   5.87  n_actions=64  total_splits=0
[ 135000/600000]  ep=13988  reward(last50)=   6.02  n_actions=64  total_splits=0
[ 140000/600000]  ep=14416  reward(last50)=   7.86  n_actions=64  total_splits=0
[ 145000/600000]  ep=14827  reward(last50)=   6.53  n_actions=64  total_splits=0
[ 150000/600000]  ep=15230  reward(last50)=   6.82  n_actions=64  total_splits=0
[ 155000/600000]  ep=15600  reward(last50)=   6.85  n_actions=64  total_splits=0
[ 160000/600000]  ep=15962  reward(last50)=   7.94  n_actions=64  total_splits=0
[ 165000/600000]  ep=16283  reward(last50)=   9.48  n_actions=64  total_splits=0
[ 170000/600000]  ep=16613  reward(last50)=   7.45  n_actions=64  total_splits=0
[ 175000/600000]  ep=16890  reward(last50)=  12.08  n_actions=64  total_splits=0
[ 180000/600000]  ep=17150  reward(last50)=  12.27  n_actions=64  total_splits=0
[ 185000/600000]  ep=17374  reward(last50)=  13.50  n_actions=64  total_splits=0
[ 190000/600000]  ep=17573  reward(last50)=  15.25  n_actions=64  total_splits=0
[ 195000/600000]  ep=17746  reward(last50)=  22.04  n_actions=64  total_splits=0
[ 200000/600000]  ep=17892  reward(last50)=  28.21  n_actions=64  total_splits=0
[ 205000/600000]  ep=18032  reward(last50)=  29.98  n_actions=64  total_splits=0
[ 210000/600000]  ep=18133  reward(last50)=  36.97  n_actions=64  total_splits=0
[ 215000/600000]  ep=18219  reward(last50)=  43.65  n_actions=64  total_splits=0
[ 220000/600000]  ep=18313  reward(last50)=  38.86  n_actions=64  total_splits=0
[ 225000/600000]  ep=18394  reward(last50)=  48.43  n_actions=64  total_splits=0
[ 230000/600000]  ep=18455  reward(last50)=  64.58  n_actions=64  total_splits=0
[ 235000/600000]  ep=18504  reward(last50)=  78.79  n_actions=64  total_splits=0
[ 240000/600000]  ep=18550  reward(last50)=  86.06  n_actions=64  total_splits=0
[ 245000/600000]  ep=18587  reward(last50)= 108.07  n_actions=64  total_splits=0
[ 250000/600000]  ep=18634  reward(last50)=  75.18  n_actions=64  total_splits=0
[ 255000/600000]  ep=18667  reward(last50)= 116.00  n_actions=64  total_splits=0
[ 260000/600000]  ep=18711  reward(last50)= 105.09  n_actions=64  total_splits=0
[ 265000/600000]  ep=18741  reward(last50)= 127.55  n_actions=64  total_splits=0
[ 270000/600000]  ep=18765  reward(last50)= 151.98  n_actions=64  total_splits=0
[ 275000/600000]  ep=18785  reward(last50)= 194.20  n_actions=64  total_splits=0
[ 280000/600000]  ep=18801  reward(last50)= 214.22  n_actions=64  total_splits=0
[ 285000/600000]  ep=18815  reward(last50)= 260.60  n_actions=64  total_splits=0
[ 290000/600000]  ep=18839  reward(last50)= 225.52  n_actions=64  total_splits=0
[ 295000/600000]  ep=18860  reward(last50)= 179.50  n_actions=64  total_splits=0
[ 300000/600000]  ep=18881  reward(last50)= 208.10  n_actions=64  total_splits=0
[ 305000/600000]  ep=18889  reward(last50)= 271.35  n_actions=64  total_splits=0
[ 310000/600000]  ep=18906  reward(last50)= 286.18  n_actions=64  total_splits=0
[ 315000/600000]  ep=18914  reward(last50)= 321.91  n_actions=64  total_splits=0
[ 320000/600000]  ep=18928  reward(last50)= 377.67  n_actions=64  total_splits=0
[ 325000/600000]  ep=18945  reward(last50)= 287.68  n_actions=64  total_splits=0
[ 330000/600000]  ep=18957  reward(last50)= 348.87  n_actions=64  total_splits=0
[ 335000/600000]  ep=18962  reward(last50)= 374.62  n_actions=64  total_splits=0
[ 340000/600000]  ep=18973  reward(last50)= 410.36  n_actions=64  total_splits=0
[ 345000/600000]  ep=18986  reward(last50)= 413.81  n_actions=64  total_splits=0
[ 350000/600000]  ep=18995  reward(last50)= 464.02  n_actions=64  total_splits=0
[ 355000/600000]  ep=19007  reward(last50)= 443.44  n_actions=64  total_splits=0
[ 360000/600000]  ep=19019  reward(last50)= 399.12  n_actions=64  total_splits=0
[ 365000/600000]  ep=19032  reward(last50)= 347.51  n_actions=64  total_splits=0
[ 370000/600000]  ep=19050  reward(last50)= 331.71  n_actions=64  total_splits=0
[ 375000/600000]  ep=19065  reward(last50)= 309.04  n_actions=64  total_splits=0
[ 380000/600000]  ep=19078  reward(last50)= 289.14  n_actions=64  total_splits=0
[ 385000/600000]  ep=19097  reward(last50)= 277.07  n_actions=64  total_splits=0
[ 390000/600000]  ep=19108  reward(last50)= 297.57  n_actions=64  total_splits=0
[ 395000/600000]  ep=19116  reward(last50)= 325.82  n_actions=64  total_splits=0
[ 400000/600000]  ep=19130  reward(last50)= 336.50  n_actions=64  total_splits=0
[ 405000/600000]  ep=19141  reward(last50)= 380.11  n_actions=64  total_splits=0
[ 410000/600000]  ep=19164  reward(last50)= 313.54  n_actions=64  total_splits=0
[ 415000/600000]  ep=19176  reward(last50)= 293.56  n_actions=64  total_splits=0
[ 420000/600000]  ep=19192  reward(last50)= 255.57  n_actions=64  total_splits=0
[ 425000/600000]  ep=19203  reward(last50)= 333.18  n_actions=64  total_splits=0
[ 430000/600000]  ep=19213  reward(last50)= 362.77  n_actions=64  total_splits=0
[ 435000/600000]  ep=19223  reward(last50)= 380.48  n_actions=64  total_splits=0
[ 440000/600000]  ep=19241  reward(last50)= 370.21  n_actions=64  total_splits=0
[ 445000/600000]  ep=19259  reward(last50)= 307.52  n_actions=64  total_splits=0
[ 450000/600000]  ep=19267  reward(last50)= 297.36  n_actions=64  total_splits=0
[ 455000/600000]  ep=19279  reward(last50)= 336.56  n_actions=64  total_splits=0
[ 460000/600000]  ep=19293  reward(last50)= 294.87  n_actions=64  total_splits=0
[ 465000/600000]  ep=19307  reward(last50)= 365.70  n_actions=64  total_splits=0
[ 470000/600000]  ep=19319  reward(last50)= 325.90  n_actions=64  total_splits=0
[ 475000/600000]  ep=19337  reward(last50)= 314.15  n_actions=64  total_splits=0
[ 480000/600000]  ep=19350  reward(last50)= 320.01  n_actions=64  total_splits=0
[ 485000/600000]  ep=19365  reward(last50)= 313.86  n_actions=64  total_splits=0
[ 490000/600000]  ep=19374  reward(last50)= 337.88  n_actions=64  total_splits=0
[ 495000/600000]  ep=19386  reward(last50)= 355.09  n_actions=64  total_splits=0
[ 500000/600000]  ep=19402  reward(last50)= 352.10  n_actions=64  total_splits=0
[ 505000/600000]  ep=19417  reward(last50)= 330.54  n_actions=64  total_splits=0
[ 510000/600000]  ep=19433  reward(last50)= 290.09  n_actions=64  total_splits=0
[ 515000/600000]  ep=19441  reward(last50)= 320.18  n_actions=64  total_splits=0
[ 520000/600000]  ep=19455  reward(last50)= 328.59  n_actions=64  total_splits=0
[ 525000/600000]  ep=19465  reward(last50)= 369.38  n_actions=64  total_splits=0
[ 530000/600000]  ep=19475  reward(last50)= 393.37  n_actions=64  total_splits=0
[ 535000/600000]  ep=19491  reward(last50)= 343.92  n_actions=64  total_splits=0
[ 540000/600000]  ep=19501  reward(last50)= 371.46  n_actions=64  total_splits=0
[ 545000/600000]  ep=19508  reward(last50)= 411.00  n_actions=64  total_splits=0
[ 550000/600000]  ep=19517  reward(last50)= 391.41  n_actions=64  total_splits=0
[ 555000/600000]  ep=19543  reward(last50)= 344.28  n_actions=64  total_splits=0
[ 560000/600000]  ep=19554  reward(last50)= 319.90  n_actions=64  total_splits=0
[ 565000/600000]  ep=19568  reward(last50)= 232.73  n_actions=64  total_splits=0
[ 570000/600000]  ep=19578  reward(last50)= 297.29  n_actions=64  total_splits=0
[ 575000/600000]  ep=19586  reward(last50)= 385.32  n_actions=64  total_splits=0
[ 580000/600000]  ep=19595  reward(last50)= 420.88  n_actions=64  total_splits=0
[ 585000/600000]  ep=19612  reward(last50)= 407.30  n_actions=64  total_splits=0
[ 590000/600000]  ep=19622  reward(last50)= 390.82  n_actions=64  total_splits=0
[ 595000/600000]  ep=19631  reward(last50)= 415.40  n_actions=64  total_splits=0
[ 600000/600000]  ep=19636  reward(last50)= 437.86  n_actions=64  total_splits=0
Saved DQN checkpoint to checkpoints\highway\timestep_sweep\uniform_n64_seed42.pt

Evaluating (deterministic)...
Eval(20): mean=417.82  std=578.31
