/home/bruinml/anaconda3/envs/highway/lib/python3.11/site-packages/glfw/__init__.py:917: GLFWError: (65550) b'X11: The DISPLAY environment variable is missing'
  warnings.warn(message, GLFWError)
/home/bruinml/anaconda3/envs/highway/lib/python3.11/site-packages/pygame/pkgdata.py:25: UserWarning: pkg_resources is deprecated as an API. See https://setuptools.pypa.io/en/latest/pkg_resources.html. The pkg_resources package is slated for removal as early as 2025-11-30. Refrain from using this package or pin to Setuptools<81.
  from pkg_resources import resource_stream, resource_exists
SAC on dm_control/cartpole-swingup  seed=43  steps=300000
[  10000/300000]  ep=  10  reward(last50)=  31.30  alpha=0.1000
[  20000/300000]  ep=  20  reward(last50)=  59.70  alpha=0.0293
[  30000/300000]  ep=  30  reward(last50)= 118.63  alpha=0.0121
[  40000/300000]  ep=  40  reward(last50)= 166.82  alpha=0.0082
[  50000/300000]  ep=  50  reward(last50)= 208.34  alpha=0.0069
[  60000/300000]  ep=  60  reward(last50)= 274.36  alpha=0.0075
[  70000/300000]  ep=  70  reward(last50)= 343.21  alpha=0.0101
[  80000/300000]  ep=  80  reward(last50)= 408.59  alpha=0.0107
[  90000/300000]  ep=  90  reward(last50)= 471.58  alpha=0.0107
[ 100000/300000]  ep= 100  reward(last50)= 531.64  alpha=0.0120
[ 110000/300000]  ep= 110  reward(last50)= 606.74  alpha=0.0124
[ 120000/300000]  ep= 120  reward(last50)= 667.17  alpha=0.0122
[ 130000/300000]  ep= 130  reward(last50)= 705.74  alpha=0.0125
[ 140000/300000]  ep= 140  reward(last50)= 738.13  alpha=0.0135
[ 150000/300000]  ep= 150  reward(last50)= 764.85  alpha=0.0130
[ 160000/300000]  ep= 160  reward(last50)= 785.74  alpha=0.0128
[ 170000/300000]  ep= 170  reward(last50)= 795.58  alpha=0.0137
[ 180000/300000]  ep= 180  reward(last50)= 802.27  alpha=0.0142
[ 190000/300000]  ep= 190  reward(last50)= 803.39  alpha=0.0145
[ 200000/300000]  ep= 200  reward(last50)= 798.99  alpha=0.0152
[ 210000/300000]  ep= 210  reward(last50)= 792.41  alpha=0.0156
[ 220000/300000]  ep= 220  reward(last50)= 794.66  alpha=0.0147
[ 230000/300000]  ep= 230  reward(last50)= 792.51  alpha=0.0138
[ 240000/300000]  ep= 240  reward(last50)= 791.43  alpha=0.0133
[ 250000/300000]  ep= 250  reward(last50)= 790.30  alpha=0.0129
[ 260000/300000]  ep= 260  reward(last50)= 790.27  alpha=0.0140
[ 270000/300000]  ep= 270  reward(last50)= 791.87  alpha=0.0144
[ 280000/300000]  ep= 280  reward(last50)= 797.13  alpha=0.0136
[ 290000/300000]  ep= 290  reward(last50)= 800.02  alpha=0.0145
[ 300000/300000]  ep= 300  reward(last50)= 806.04  alpha=0.0143
Saved SAC checkpoint to checkpoints/dmcs/cartpole-swingup/architectures/sac_seed43.pt

Evaluating (deterministic)...
Eval(10): mean=783.42  std=1.01
