/home/bruinml/anaconda3/envs/highway/lib/python3.11/site-packages/glfw/__init__.py:917: GLFWError: (65550) b'X11: The DISPLAY environment variable is missing'
  warnings.warn(message, GLFWError)
/home/bruinml/anaconda3/envs/highway/lib/python3.11/site-packages/pygame/pkgdata.py:25: UserWarning: pkg_resources is deprecated as an API. See https://setuptools.pypa.io/en/latest/pkg_resources.html. The pkg_resources package is slated for removal as early as 2025-11-30. Refrain from using this package or pin to Setuptools<81.
  from pkg_resources import resource_stream, resource_exists
SAC on dm_control/cartpole-swingup  seed=46  steps=300000
[  10000/300000]  ep=  10  reward(last50)=  22.30  alpha=0.1000
[  20000/300000]  ep=  20  reward(last50)=  35.60  alpha=0.0292
[  30000/300000]  ep=  30  reward(last50)=  96.00  alpha=0.0120
[  40000/300000]  ep=  40  reward(last50)= 135.09  alpha=0.0100
[  50000/300000]  ep=  50  reward(last50)= 162.07  alpha=0.0095
[  60000/300000]  ep=  60  reward(last50)= 244.21  alpha=0.0107
[  70000/300000]  ep=  70  reward(last50)= 322.35  alpha=0.0165
[  80000/300000]  ep=  80  reward(last50)= 383.50  alpha=0.0206
[  90000/300000]  ep=  90  reward(last50)= 444.51  alpha=0.0228
[ 100000/300000]  ep= 100  reward(last50)= 504.49  alpha=0.0225
[ 110000/300000]  ep= 110  reward(last50)= 542.44  alpha=0.0211
[ 120000/300000]  ep= 120  reward(last50)= 587.21  alpha=0.0222
[ 130000/300000]  ep= 130  reward(last50)= 611.89  alpha=0.0218
[ 140000/300000]  ep= 140  reward(last50)= 630.91  alpha=0.0215
[ 150000/300000]  ep= 150  reward(last50)= 645.34  alpha=0.0230
[ 160000/300000]  ep= 160  reward(last50)= 656.86  alpha=0.0222
[ 170000/300000]  ep= 170  reward(last50)= 666.45  alpha=0.0219
[ 180000/300000]  ep= 180  reward(last50)= 682.88  alpha=0.0248
[ 190000/300000]  ep= 190  reward(last50)= 703.54  alpha=0.0236
[ 200000/300000]  ep= 200  reward(last50)= 729.52  alpha=0.0253
[ 210000/300000]  ep= 210  reward(last50)= 746.81  alpha=0.0274
[ 220000/300000]  ep= 220  reward(last50)= 764.86  alpha=0.0248
[ 230000/300000]  ep= 230  reward(last50)= 784.25  alpha=0.0219
[ 240000/300000]  ep= 240  reward(last50)= 798.30  alpha=0.0299
[ 250000/300000]  ep= 250  reward(last50)= 802.39  alpha=0.0214
[ 260000/300000]  ep= 260  reward(last50)= 808.14  alpha=0.0249
[ 270000/300000]  ep= 270  reward(last50)= 803.45  alpha=0.0215
[ 280000/300000]  ep= 280  reward(last50)= 795.46  alpha=0.0255
[ 290000/300000]  ep= 290  reward(last50)= 790.32  alpha=0.0201
[ 300000/300000]  ep= 300  reward(last50)= 791.14  alpha=0.0224
Saved SAC checkpoint to checkpoints/dmcs/cartpole-swingup/architectures/sac_seed46.pt

Evaluating (deterministic)...
Eval(10): mean=844.03  std=0.33
