/home/bruinml/anaconda3/envs/highway/lib/python3.11/site-packages/glfw/__init__.py:917: GLFWError: (65550) b'X11: The DISPLAY environment variable is missing'
  warnings.warn(message, GLFWError)
/home/bruinml/anaconda3/envs/highway/lib/python3.11/site-packages/pygame/pkgdata.py:25: UserWarning: pkg_resources is deprecated as an API. See https://setuptools.pypa.io/en/latest/pkg_resources.html. The pkg_resources package is slated for removal as early as 2025-11-30. Refrain from using this package or pin to Setuptools<81.
  from pkg_resources import resource_stream, resource_exists
SAC on dm_control/cartpole-swingup  seed=45  steps=300000
[  10000/300000]  ep=  10  reward(last50)=  31.46  alpha=0.1000
[  20000/300000]  ep=  20  reward(last50)=  47.17  alpha=0.0292
[  30000/300000]  ep=  30  reward(last50)= 108.06  alpha=0.0123
[  40000/300000]  ep=  40  reward(last50)= 123.86  alpha=0.0089
[  50000/300000]  ep=  50  reward(last50)= 157.53  alpha=0.0076
[  60000/300000]  ep=  60  reward(last50)= 205.54  alpha=0.0080
[  70000/300000]  ep=  70  reward(last50)= 244.60  alpha=0.0082
[  80000/300000]  ep=  80  reward(last50)= 270.26  alpha=0.0089
[  90000/300000]  ep=  90  reward(last50)= 339.77  alpha=0.0097
[ 100000/300000]  ep= 100  reward(last50)= 427.63  alpha=0.0109
[ 110000/300000]  ep= 110  reward(last50)= 501.91  alpha=0.0111
[ 120000/300000]  ep= 120  reward(last50)= 587.77  alpha=0.0118
[ 130000/300000]  ep= 130  reward(last50)= 634.35  alpha=0.0116
[ 140000/300000]  ep= 140  reward(last50)= 668.60  alpha=0.0121
[ 150000/300000]  ep= 150  reward(last50)= 661.84  alpha=0.0124
[ 160000/300000]  ep= 160  reward(last50)= 686.10  alpha=0.0120
[ 170000/300000]  ep= 170  reward(last50)= 693.64  alpha=0.0120
[ 180000/300000]  ep= 180  reward(last50)= 727.65  alpha=0.0122
[ 190000/300000]  ep= 190  reward(last50)= 743.06  alpha=0.0127
[ 200000/300000]  ep= 200  reward(last50)= 749.77  alpha=0.0116
[ 210000/300000]  ep= 210  reward(last50)= 747.29  alpha=0.0123
[ 220000/300000]  ep= 220  reward(last50)= 753.09  alpha=0.0110
[ 230000/300000]  ep= 230  reward(last50)= 753.19  alpha=0.0115
[ 240000/300000]  ep= 240  reward(last50)= 760.97  alpha=0.0111
[ 250000/300000]  ep= 250  reward(last50)= 775.05  alpha=0.0106
[ 260000/300000]  ep= 260  reward(last50)= 786.59  alpha=0.0111
[ 270000/300000]  ep= 270  reward(last50)= 793.96  alpha=0.0111
[ 280000/300000]  ep= 280  reward(last50)= 791.89  alpha=0.0101
[ 290000/300000]  ep= 290  reward(last50)= 795.00  alpha=0.0122
[ 300000/300000]  ep= 300  reward(last50)= 800.98  alpha=0.0124
Saved SAC checkpoint to checkpoints/dmcs/cartpole-swingup/architectures/sac_seed45.pt

Evaluating (deterministic)...
Eval(10): mean=807.08  std=0.53
