/home/bruinml/anaconda3/envs/highway/lib/python3.11/site-packages/glfw/__init__.py:917: GLFWError: (65550) b'X11: The DISPLAY environment variable is missing'
  warnings.warn(message, GLFWError)
/home/bruinml/anaconda3/envs/highway/lib/python3.11/site-packages/pygame/pkgdata.py:25: UserWarning: pkg_resources is deprecated as an API. See https://setuptools.pypa.io/en/latest/pkg_resources.html. The pkg_resources package is slated for removal as early as 2025-11-30. Refrain from using this package or pin to Setuptools<81.
  from pkg_resources import resource_stream, resource_exists
Uniform DQN on dm_control/cartpole-swingup  da=1  n=16 (per axis -> 16 total cells)  seed=44  steps=300000
[  10000/300000]  ep=  10  reward(last50)=  18.97  n_per_axis=[16]  total_splits=0
[  20000/300000]  ep=  20  reward(last50)=  43.55  n_per_axis=[16]  total_splits=0
[  30000/300000]  ep=  30  reward(last50)=  83.09  n_per_axis=[16]  total_splits=0
[  40000/300000]  ep=  40  reward(last50)= 121.95  n_per_axis=[16]  total_splits=0
[  50000/300000]  ep=  50  reward(last50)= 149.75  n_per_axis=[16]  total_splits=0
[  60000/300000]  ep=  60  reward(last50)= 220.18  n_per_axis=[16]  total_splits=0
[  70000/300000]  ep=  70  reward(last50)= 282.22  n_per_axis=[16]  total_splits=0
[  80000/300000]  ep=  80  reward(last50)= 336.35  n_per_axis=[16]  total_splits=0
[  90000/300000]  ep=  90  reward(last50)= 398.87  n_per_axis=[16]  total_splits=0
[ 100000/300000]  ep= 100  reward(last50)= 496.42  n_per_axis=[16]  total_splits=0
[ 110000/300000]  ep= 110  reward(last50)= 587.45  n_per_axis=[16]  total_splits=0
[ 120000/300000]  ep= 120  reward(last50)= 671.04  n_per_axis=[16]  total_splits=0
[ 130000/300000]  ep= 130  reward(last50)= 718.67  n_per_axis=[16]  total_splits=0
[ 140000/300000]  ep= 140  reward(last50)= 750.91  n_per_axis=[16]  total_splits=0
[ 150000/300000]  ep= 150  reward(last50)= 760.53  n_per_axis=[16]  total_splits=0
[ 160000/300000]  ep= 160  reward(last50)= 749.03  n_per_axis=[16]  total_splits=0
[ 170000/300000]  ep= 170  reward(last50)= 751.31  n_per_axis=[16]  total_splits=0
[ 180000/300000]  ep= 180  reward(last50)= 778.32  n_per_axis=[16]  total_splits=0
[ 190000/300000]  ep= 190  reward(last50)= 798.76  n_per_axis=[16]  total_splits=0
[ 200000/300000]  ep= 200  reward(last50)= 804.15  n_per_axis=[16]  total_splits=0
[ 210000/300000]  ep= 210  reward(last50)= 816.23  n_per_axis=[16]  total_splits=0
[ 220000/300000]  ep= 220  reward(last50)= 819.00  n_per_axis=[16]  total_splits=0
[ 230000/300000]  ep= 230  reward(last50)= 818.14  n_per_axis=[16]  total_splits=0
[ 240000/300000]  ep= 240  reward(last50)= 814.23  n_per_axis=[16]  total_splits=0
[ 250000/300000]  ep= 250  reward(last50)= 814.87  n_per_axis=[16]  total_splits=0
[ 260000/300000]  ep= 260  reward(last50)= 814.14  n_per_axis=[16]  total_splits=0
[ 270000/300000]  ep= 270  reward(last50)= 812.82  n_per_axis=[16]  total_splits=0
[ 280000/300000]  ep= 280  reward(last50)= 792.09  n_per_axis=[16]  total_splits=0
[ 290000/300000]  ep= 290  reward(last50)= 784.73  n_per_axis=[16]  total_splits=0
[ 300000/300000]  ep= 300  reward(last50)= 778.59  n_per_axis=[16]  total_splits=0
Saved BranchingDQN checkpoint to checkpoints/dmcs/cartpole-swingup/architectures/uniform_n16_seed44.pt

Evaluating (deterministic)...
Eval(10): mean=783.49  std=0.65
