/home/bruinml/anaconda3/envs/highway/lib/python3.11/site-packages/glfw/__init__.py:917: GLFWError: (65550) b'X11: The DISPLAY environment variable is missing'
  warnings.warn(message, GLFWError)
/home/bruinml/anaconda3/envs/highway/lib/python3.11/site-packages/pygame/pkgdata.py:25: UserWarning: pkg_resources is deprecated as an API. See https://setuptools.pypa.io/en/latest/pkg_resources.html. The pkg_resources package is slated for removal as early as 2025-11-30. Refrain from using this package or pin to Setuptools<81.
  from pkg_resources import resource_stream, resource_exists
Zooming DQN on dm_control/cartpole-swingup  da=1  init_depth=1 (start=2 cells)  n=32 -> total_budget=32  seed=42  steps=300000
[  10000/300000]  ep=  10  reward(last50)=  67.23  n_per_axis=[2]  total_splits=0
[  20000/300000]  ep=  20  reward(last50)= 114.77  n_per_axis=[2]  total_splits=0
[  30000/300000]  ep=  30  reward(last50)= 165.89  n_per_axis=[2]  total_splits=0
[  40000/300000]  ep=  40  reward(last50)= 225.69  n_per_axis=[2]  total_splits=0
[  50000/300000]  ep=  50  reward(last50)= 279.75  n_per_axis=[2]  total_splits=0
[  60000/300000]  ep=  60  reward(last50)= 377.02  n_per_axis=[4]  total_splits=2
[  70000/300000]  ep=  70  reward(last50)= 434.16  n_per_axis=[25]  total_splits=23
[  80000/300000]  ep=  80  reward(last50)= 448.94  n_per_axis=[32]  total_splits=30
[  90000/300000]  ep=  90  reward(last50)= 467.24  n_per_axis=[32]  total_splits=30
[ 100000/300000]  ep= 100  reward(last50)= 488.41  n_per_axis=[32]  total_splits=30
[ 110000/300000]  ep= 110  reward(last50)= 503.45  n_per_axis=[32]  total_splits=30
[ 120000/300000]  ep= 120  reward(last50)= 540.80  n_per_axis=[32]  total_splits=30
[ 130000/300000]  ep= 130  reward(last50)= 606.02  n_per_axis=[32]  total_splits=30
[ 140000/300000]  ep= 140  reward(last50)= 649.30  n_per_axis=[32]  total_splits=30
[ 150000/300000]  ep= 150  reward(last50)= 652.13  n_per_axis=[32]  total_splits=30
[ 160000/300000]  ep= 160  reward(last50)= 605.64  n_per_axis=[32]  total_splits=30
[ 170000/300000]  ep= 170  reward(last50)= 578.76  n_per_axis=[32]  total_splits=30
[ 180000/300000]  ep= 180  reward(last50)= 548.83  n_per_axis=[32]  total_splits=30
[ 190000/300000]  ep= 190  reward(last50)= 561.74  n_per_axis=[32]  total_splits=30
[ 200000/300000]  ep= 200  reward(last50)= 595.30  n_per_axis=[32]  total_splits=30
[ 210000/300000]  ep= 210  reward(last50)= 663.90  n_per_axis=[32]  total_splits=30
[ 220000/300000]  ep= 220  reward(last50)= 698.78  n_per_axis=[32]  total_splits=30
[ 230000/300000]  ep= 230  reward(last50)= 734.46  n_per_axis=[32]  total_splits=30
[ 240000/300000]  ep= 240  reward(last50)= 723.49  n_per_axis=[32]  total_splits=30
[ 250000/300000]  ep= 250  reward(last50)= 718.09  n_per_axis=[32]  total_splits=30
[ 260000/300000]  ep= 260  reward(last50)= 731.52  n_per_axis=[32]  total_splits=30
[ 270000/300000]  ep= 270  reward(last50)= 753.15  n_per_axis=[32]  total_splits=30
[ 280000/300000]  ep= 280  reward(last50)= 775.67  n_per_axis=[32]  total_splits=30
[ 290000/300000]  ep= 290  reward(last50)= 773.09  n_per_axis=[32]  total_splits=30
[ 300000/300000]  ep= 300  reward(last50)= 767.34  n_per_axis=[32]  total_splits=30
Saved BranchingDQN checkpoint to checkpoints/dmcs/cartpole-swingup/architectures/zooming_n32_seed42.pt

Evaluating (deterministic)...
Eval(10): mean=811.37  std=3.42
Final n_per_axis: [32]  total_cells: 32/32  total_splits: 30
