C:\Users\Polar\miniconda3\envs\highway\lib\site-packages\pygame\pkgdata.py:25: UserWarning: pkg_resources is deprecated as an API. See https://setuptools.pypa.io/en/latest/pkg_resources.html. The pkg_resources package is slated for removal as early as 2025-11-30. Refrain from using this package or pin to Setuptools<81.
  from pkg_resources import resource_stream, resource_exists
Uniform DQN on racetrack-v0  N=8  seed=42  steps=150000
[   5000/150000]  ep= 446  reward(last50)=   6.77  n_actions=8  total_splits=0
[  10000/150000]  ep= 857  reward(last50)=   7.56  n_actions=8  total_splits=0
[  15000/150000]  ep=1225  reward(last50)=   9.02  n_actions=8  total_splits=0
[  20000/150000]  ep=1526  reward(last50)=  12.37  n_actions=8  total_splits=0
[  25000/150000]  ep=1791  reward(last50)=  14.07  n_actions=8  total_splits=0
[  30000/150000]  ep=2023  reward(last50)=  14.08  n_actions=8  total_splits=0
[  35000/150000]  ep=2196  reward(last50)=  23.53  n_actions=8  total_splits=0
[  40000/150000]  ep=2309  reward(last50)=  33.43  n_actions=8  total_splits=0
[  45000/150000]  ep=2411  reward(last50)=  40.24  n_actions=8  total_splits=0
[  50000/150000]  ep=2476  reward(last50)=  61.29  n_actions=8  total_splits=0
[  55000/150000]  ep=2524  reward(last50)=  80.87  n_actions=8  total_splits=0
[  60000/150000]  ep=2537  reward(last50)= 145.27  n_actions=8  total_splits=0
[  65000/150000]  ep=2548  reward(last50)= 214.37  n_actions=8  total_splits=0
[  70000/150000]  ep=2566  reward(last50)= 267.32  n_actions=8  total_splits=0
[  75000/150000]  ep=2571  reward(last50)= 351.24  n_actions=8  total_splits=0
[  80000/150000]  ep=2577  reward(last50)= 427.50  n_actions=8  total_splits=0
[  85000/150000]  ep=2581  reward(last50)= 511.96  n_actions=8  total_splits=0
[  90000/150000]  ep=2588  reward(last50)= 519.50  n_actions=8  total_splits=0
[  95000/150000]  ep=2595  reward(last50)= 521.86  n_actions=8  total_splits=0
[ 100000/150000]  ep=2605  reward(last50)= 547.66  n_actions=8  total_splits=0
[ 105000/150000]  ep=2612  reward(last50)= 633.33  n_actions=8  total_splits=0
[ 110000/150000]  ep=2620  reward(last50)= 624.71  n_actions=8  total_splits=0
[ 115000/150000]  ep=2626  reward(last50)= 642.49  n_actions=8  total_splits=0
[ 120000/150000]  ep=2639  reward(last50)= 515.22  n_actions=8  total_splits=0
[ 125000/150000]  ep=2652  reward(last50)= 501.50  n_actions=8  total_splits=0
[ 130000/150000]  ep=2658  reward(last50)= 488.57  n_actions=8  total_splits=0
[ 135000/150000]  ep=2663  reward(last50)= 521.96  n_actions=8  total_splits=0
[ 140000/150000]  ep=2669  reward(last50)= 559.35  n_actions=8  total_splits=0
[ 145000/150000]  ep=2674  reward(last50)= 565.14  n_actions=8  total_splits=0
[ 150000/150000]  ep=2683  reward(last50)= 567.22  n_actions=8  total_splits=0
Saved DQN checkpoint to checkpoints\highway\scarcity\uniform_n8_seed42.pt

Evaluating (deterministic)...
Eval(20): mean=345.24  std=535.87
