/home/bruinml/anaconda3/envs/highway/lib/python3.11/site-packages/glfw/__init__.py:917: GLFWError: (65550) b'X11: The DISPLAY environment variable is missing'
  warnings.warn(message, GLFWError)
/home/bruinml/anaconda3/envs/highway/lib/python3.11/site-packages/pygame/pkgdata.py:25: UserWarning: pkg_resources is deprecated as an API. See https://setuptools.pypa.io/en/latest/pkg_resources.html. The pkg_resources package is slated for removal as early as 2025-11-30. Refrain from using this package or pin to Setuptools<81.
  from pkg_resources import resource_stream, resource_exists
Zooming DQN on dm_control/walker-walk  da=6  init_depth=1 (start=12 cells)  n=8 -> total_budget=48  seed=42  steps=300000
[  10000/300000]  ep=  10  reward(last50)=  26.24  n_per_axis=[2, 2, 2, 2, 2, 2]  total_splits=0
[  20000/300000]  ep=  20  reward(last50)=  31.62  n_per_axis=[2, 2, 2, 2, 2, 2]  total_splits=0
[  30000/300000]  ep=  30  reward(last50)=  41.55  n_per_axis=[2, 2, 2, 2, 2, 2]  total_splits=0
[  40000/300000]  ep=  40  reward(last50)=  52.96  n_per_axis=[2, 2, 2, 2, 2, 2]  total_splits=0
[  50000/300000]  ep=  50  reward(last50)=  66.49  n_per_axis=[2, 2, 2, 2, 2, 2]  total_splits=0
[  60000/300000]  ep=  60  reward(last50)=  89.29  n_per_axis=[4, 4, 4, 4, 4, 4]  total_splits=12
[  70000/300000]  ep=  70  reward(last50)=  98.28  n_per_axis=[8, 8, 8, 8, 8, 8]  total_splits=36
[  80000/300000]  ep=  80  reward(last50)= 111.30  n_per_axis=[8, 8, 8, 8, 8, 8]  total_splits=36
[  90000/300000]  ep=  90  reward(last50)= 128.44  n_per_axis=[8, 8, 8, 8, 8, 8]  total_splits=36
[ 100000/300000]  ep= 100  reward(last50)= 146.38  n_per_axis=[8, 8, 8, 8, 8, 8]  total_splits=36
[ 110000/300000]  ep= 110  reward(last50)= 173.76  n_per_axis=[8, 8, 8, 8, 8, 8]  total_splits=36
[ 120000/300000]  ep= 120  reward(last50)= 236.52  n_per_axis=[8, 8, 8, 8, 8, 8]  total_splits=36
[ 130000/300000]  ep= 130  reward(last50)= 315.07  n_per_axis=[8, 8, 8, 8, 8, 8]  total_splits=36
[ 140000/300000]  ep= 140  reward(last50)= 389.63  n_per_axis=[8, 8, 8, 8, 8, 8]  total_splits=36
[ 150000/300000]  ep= 150  reward(last50)= 465.58  n_per_axis=[8, 8, 8, 8, 8, 8]  total_splits=36
[ 160000/300000]  ep= 160  reward(last50)= 532.32  n_per_axis=[8, 8, 8, 8, 8, 8]  total_splits=36
[ 170000/300000]  ep= 170  reward(last50)= 591.88  n_per_axis=[8, 8, 8, 8, 8, 8]  total_splits=36
[ 180000/300000]  ep= 180  reward(last50)= 645.48  n_per_axis=[8, 8, 8, 8, 8, 8]  total_splits=36
[ 190000/300000]  ep= 190  reward(last50)= 701.68  n_per_axis=[8, 8, 8, 8, 8, 8]  total_splits=36
[ 200000/300000]  ep= 200  reward(last50)= 762.65  n_per_axis=[8, 8, 8, 8, 8, 8]  total_splits=36
[ 210000/300000]  ep= 210  reward(last50)= 819.27  n_per_axis=[8, 8, 8, 8, 8, 8]  total_splits=36
[ 220000/300000]  ep= 220  reward(last50)= 862.12  n_per_axis=[8, 8, 8, 8, 8, 8]  total_splits=36
[ 230000/300000]  ep= 230  reward(last50)= 886.39  n_per_axis=[8, 8, 8, 8, 8, 8]  total_splits=36
[ 240000/300000]  ep= 240  reward(last50)= 907.91  n_per_axis=[8, 8, 8, 8, 8, 8]  total_splits=36
[ 250000/300000]  ep= 250  reward(last50)= 896.50  n_per_axis=[8, 8, 8, 8, 8, 8]  total_splits=36
[ 260000/300000]  ep= 260  reward(last50)= 899.35  n_per_axis=[8, 8, 8, 8, 8, 8]  total_splits=36
[ 270000/300000]  ep= 270  reward(last50)= 886.69  n_per_axis=[8, 8, 8, 8, 8, 8]  total_splits=36
[ 280000/300000]  ep= 280  reward(last50)= 888.31  n_per_axis=[8, 8, 8, 8, 8, 8]  total_splits=36
[ 290000/300000]  ep= 290  reward(last50)= 881.91  n_per_axis=[8, 8, 8, 8, 8, 8]  total_splits=36
[ 300000/300000]  ep= 300  reward(last50)= 892.51  n_per_axis=[8, 8, 8, 8, 8, 8]  total_splits=36
Saved BranchingDQN checkpoint to checkpoints/dmcs/walker-walk/action_sweep/zooming_n8_seed42.pt

Evaluating (deterministic)...
Eval(10): mean=949.81  std=21.86
Final n_per_axis: [8, 8, 8, 8, 8, 8]  total_cells: 48/48  total_splits: 36
